Case #1:
GCJ
GCJ
GCJ
Case #2:
CODE
CJAM
CJAM
Case #3:
CA
KE
Case #4:
AB
AB
Case #5:
HBED
CBED
CFGA
Case #6:
VVVVVVHFWQTBRDSSSSSSSSSSS
VVVVVVHFWQTBRDSSSSSSSSSSS
VVVVVVHFWQTBRDSSSSSSSSSSS
VVVVVVHFWQTBRDSSSSSSSSSSS
VVVVVVHFWQTBRDSSSSSSSSSSS
VVVVVVHFWQTBRDSSSSSSSSSSS
VVVVVVHFWQTBRDSSSSSSSSSSS
VVVVVVHFWQTBRDSSSSSSSSSSS
VVVVVVHFWQTBRDSSSSSSSSSSS
VVVVVVHFWQTBRDSSSSSSSSSSS
VVVVVVHFWQJBRDSSSSSSSSSSS
VVVVVVHFWXJNRDSSSSSSSSSSS
VVVVVVHFKXCNIGSSSSSSSSSSS
VVVVVVZFKXCNIPMMMMMMMMMMM
VVVVVVZFOXENIUYYYYYYYYYYY
VVVVVVZFAXENIUYYYYYYYYYYY
VVVVVVZFAXELIUYYYYYYYYYYY
VVVVVVZFAXELIUYYYYYYYYYYY
VVVVVVZFAXELIUYYYYYYYYYYY
VVVVVVZFAXELIUYYYYYYYYYYY
VVVVVVZFAXELIUYYYYYYYYYYY
VVVVVVZFAXELIUYYYYYYYYYYY
VVVVVVZFAXELIUYYYYYYYYYYY
VVVVVVZFAXELIUYYYYYYYYYYY
VVVVVVZFAXELIUYYYYYYYYYYY
Case #7:
RWHSQZDCNYYBBBBBBBBBBBBBB
RWHSQZDCNYYBBBBBBBBBBBBBB
RWHSQZDCNYYBBBBBBBBBBBBBB
RWHSQZDCNYYBBBBBBBBBBBBBB
RWHSQZDCNYYBBBBBBBBBBBBBB
RWHSQKDCNYYBBBBBBBBBBBBBB
RWHSQKDCNYYBBBBBBBBBBBBBB
RWHSQKICNYYBBBBBBBBBBBBBB
RMHLQKIVNYYBBBBBBBBBBBBBB
RMHLOKEVNJJBBBBBBBBBBBBBB
RMTLOKPVNJJAAAAAAAAAAAAAA
RMTLOKPVNJJAAAAAAAAAAAAAA
RMTFXKPVNJJAAAAAAAAAAAAAA
RUTFXKPVNJJAAAAAAAAAAAAAA
RUTFXKPVNJJAAAAAAAAAAAAAA
RUTFGKPVNJJAAAAAAAAAAAAAA
RUTFGKPVNJJAAAAAAAAAAAAAA
RUTFGKPVNJJAAAAAAAAAAAAAA
RUTFGKPVNJJAAAAAAAAAAAAAA
RUTFGKPVNJJAAAAAAAAAAAAAA
RUTFGKPVNJJAAAAAAAAAAAAAA
RUTFGKPVNJJAAAAAAAAAAAAAA
RUTFGKPVNJJAAAAAAAAAAAAAA
RUTFGKPVNJJAAAAAAAAAAAAAA
RUTFGKPVNJJAAAAAAAAAAAAAA
Case #8:
ABCDEFGHIJKLMNOPQRSTUVWXY
ABCDEFGHIJKLMNOPQRSTUVWXY
ABCDEFGHIJKLMNOPQRSTUVWXY
ABCDEFGHIJKLMNOPQRSTUVWXY
ABCDEFGHIJKLMNOPQRSTUVWXY
ABCDEFGHIJKLMNOPQRSTUVWXY
ABCDEFGHIJKLMNOPQRSTUVWXY
ABCDEFGHIJKLMNOPQRSTUVWXY
ABCDEFGHIJKLMNOPQRSTUVWXY
ABCDEFGHIJKLMNOPQRSTUVWXY
ABCDEFGHIJKLMNOPQRSTUVWXY
ABCDEFGHIJKLMNOPQRSTUVWXY
ABCDEFGHIJKLMNOPQRSTUVWXY
ABCDEFGHIJKLMNOPQRSTUVWXY
ABCDEFGHIJKLMNOPQRSTUVWXY
ABCDEFGHIJKLMNOPQRSTUVWXY
ABCDEFGHIJKLMNOPQRSTUVWXY
ABCDEFGHIJKLMNOPQRSTUVWXY
ABCDEFGHIJKLMNOPQRSTUVWXY
ABCDEFGHIJKLMNOPQRSTUVWXY
ABCDEFGHIJKLMNOPQRSTUVWXY
ABCDEFGHIJKLMNOPQRSTUVWXY
ABCDEFGHIJKLMNOPQRSTUVWXY
ABCDEFGHIJKLMNOPQRSTUVWXY
ABCDEFGHIJKLMNOPQRSTUVWXY
Case #9:
AB
Case #10:
AAAEEEEBBBBBBBBBBBFHIJJJJ
AAAEEEEBBBBBBBBBBBFHIJJJJ
AAAEEEEBBBBBBBBBBBFHIJJJJ
AAAEEEEBBBBBBBBBBBFHIJJJJ
CCCEEEEDDDDDDDDDDDFHIJJJJ
CCCEEEEDDDDDDDDDDDFHIJJJJ
CCCEEEEDDDDDDDDDDDFHIJJJJ
CCCEEEEDDDDDDDDDDDFHIJJJJ
CCCEEEEDDDDDDDDDDDFHIJJJJ
CCCEEEEDDDDDDDDDDDFHIJJJJ
CCCEEEEDDDDDDDDDDDFHIJJJJ
CCCEEEEDDDDDDDDDDDFHIJJJJ
CCCEEEEDDDDDDDDDDDFHIJJJJ
CCCEEEEDDDDDDDDDDDFHIJJJJ
CCCEEEEDDDDDDDDDDDFHIJJJJ
CCCEEEEDDDDDDDDDDDFHIJJJJ
CCCEEEEDDDDDDDDDDDFHIJJJJ
CCCEEEEDDDDDDDDDDDFHIJJJJ
CCCEEEEDDDDDDDDDDDFHIJJJJ
CCCEEEEDDDDDDDDDDDFHIJJJJ
CCCEEEEDDDDDDDDDDDGHIJJJJ
CCCEEEEDDDDDDDDDDDGHIJJJJ
CCCEEEEDDDDDDDDDDDGHIJJJJ
CCCEEEEDDDDDDDDDDDGHIJJJJ
CCCEEEEDDDDDDDDDDDGHIJJJJ
Case #11:
ABCDEFGHIJKLMNOPQRSTUVWXY
ABCDEFGHIJKLMNOPQRSTUVWXY
ABCDEFGHIJKLMNOPQRSTUVWXY
ABCDEFGHIJKLMNOPQRSTUVWXY
ABCDEFGHIJKLMNOPQRSTUVWXY
ABCDEFGHIJKLMNOPQRSTUVWXY
ABCDEFGHIJKLMNOPQRSTUVWXY
ABCDEFGHIJKLMNOPQRSTUVWXY
ABCDEFGHIJKLMNOPQRSTUVWXY
ABCDEFGHIJKLMNOPQRSTUVWXY
ABCDEFGHIJKLMNOPQRSTUVWXY
ABCDEFGHIJKLMNOPQRSTUVWXY
ABCDEFGHIJKLMNOPQRSTUVWXY
ABCDEFGHIJKLMNOPQRSTUVWXY
ABCDEFGHIJKLMNOPQRSTUVWXY
ABCDEFGHIJKLMNOPQRSTUVWXY
ABCDEFGHIJKLMNOPQRSTUVWXY
ABCDEFGHIJKLMNOPQRSTUVWXY
ABCDEFGHIJKLMNOPQRSTUVWXY
ABCDEFGHIJKLMNOPQRSTUVWXY
ABCDEFGHIJKLMNOPQRSTUVWXY
ABCDEFGHIJKLMNOPQRSTUVWXY
ABCDEFGHIJKLMNOPQRSTUVWXY
ABCDEFGHIJKLMNOPQRSTUVWXY
ABCDEFGHIJKLMNOPQRSTUVWXY
Case #12:
HHKATLEOODDJQCBBIIYYFXVVW
HHKATLEOODDJQCBBIIYYFXVVW
HHKATLEOODDJQCBBIIYYFXVVW
HHKAGSEOODDJQCBBIIYYFXVVP
HHKAGSEOODDJQCBBIIYYFXVVM
HHKRGSEOODDJQCBBIIZZFXVVM
HHKRGSEOODDJQCBBIIZZFXVVM
HHKRGSEOODDJQCBBIIZZFXVVM
HHKRGSEOODDJQCBBIIZZFXVVM
HHKRGSEOODDJQCBBIIZZFXVVM
HHKRGSEOODDJQCBBIIZZFXVVM
HHKRGSEOODDJQCBBIIZZFXVVM
HHKRGSEOODDJQCBBIIZZFXNNM
HHKRGSEOODDJQCBBIIZZFXNNM
HHKRGSEOODDJQCBBIIZZFXNNM
HHKRGSEOODDJQCBBIIZZFXNNM
HHKRGSEOODDJQCBBIIZZFXNNM
HHKRGSEOODDJQCBBIIZZFXNNM
HHKRGSEOODDJQCBBIIZZFXNNM
HHKUGSEOODDJQCBBIIZZFXNNM
HHKUGSEOODDJQCBBIIZZFXNNM
HHKUGSEOODDJQCBBIIZZFXNNM
HHKUGSEOODDJQCBBIIZZFXNNM
HHKUGSEOODDJQCBBIIZZFXNNM
HHKUGSEOODDJQCBBIIZZFXNNM
Case #13:
QQQQQQQQQQQQDVBOWRYHZUTKK
QQQQQQQQQQQQDLBOANYHZSTKK
QQQQQQQQQQQQDPJOAIYFZSTKK
QQQQQQQQQQQQDPGMAEYCZXTKK
QQQQQQQQQQQQDPGMAEYCZXTKK
QQQQQQQQQQQQDPGMAEYCZXTKK
QQQQQQQQQQQQDPGMAEYCZXTKK
QQQQQQQQQQQQDPGMAEYCZXTKK
QQQQQQQQQQQQDPGMAEYCZXTKK
QQQQQQQQQQQQDPGMAEYCZXTKK
QQQQQQQQQQQQDPGMAEYCZXTKK
QQQQQQQQQQQQDPGMAEYCZXTKK
QQQQQQQQQQQQDPGMAEYCZXTKK
QQQQQQQQQQQQDPGMAEYCZXTKK
QQQQQQQQQQQQDPGMAEYCZXTKK
QQQQQQQQQQQQDPGMAEYCZXTKK
QQQQQQQQQQQQDPGMAEYCZXTKK
QQQQQQQQQQQQDPGMAEYCZXTKK
QQQQQQQQQQQQDPGMAEYCZXTKK
QQQQQQQQQQQQDPGMAEYCZXTKK
QQQQQQQQQQQQDPGMAEYCZXTKK
QQQQQQQQQQQQDPGMAEYCZXTKK
QQQQQQQQQQQQDPGMAEYCZXTKK
QQQQQQQQQQQQDPGMAEYCZXTKK
QQQQQQQQQQQQDPGMAEYCZXTKK
Case #14:
BBAF
BBEF
BBCF
BBDF
BBDF
BBDF
Case #15:
CCEFG
CCHIA
CCHBA
CCHDA
CCHDA
CCHDA
CCHDA
Case #16:
AAAAAAAAAAAAAAAAAAAAAAAAA
BBBBBBBBBBBBBBBBBBBBBBBBB
CCCCCCCCCCCCCCCCCCCCCCCCC
DDDDDDDDDDDDDDDDDDDDDDDDD
EEEEEEEEEEEEEEEEEEEEEEEEE
FFFFFFFFFFFFFFFFFFFFFFFFF
GGGGGGGGGGGGGGGGGGGGGGGGG
HHHHHHHHHHHHHHHHHHHHHHHHH
IIIIIIIIIIIIIIIIIIIIIIIII
JJJJJJJJJJJJJJJJJJJJJJJJJ
KKKKKKKKKKKKKKKKKKKKKKKKK
LLLLLLLLLLLLLLLLLLLLLLLLL
MMMMMMMMMMMMMMMMMMMMMMMMM
NNNNNNNNNNNNNNNNNNNNNNNNN
OOOOOOOOOOOOOOOOOOOOOOOOO
PPPPPPPPPPPPPPPPPPPPPPPPP
QQQQQQQQQQQQQQQQQQQQQQQQQ
RRRRRRRRRRRRRRRRRRRRRRRRR
SSSSSSSSSSSSSSSSSSSSSSSSS
TTTTTTTTTTTTTTTTTTTTTTTTT
UUUUUUUUUUUUUUUUUUUUUUUUU
VVVVVVVVVVVVVVVVVVVVVVVVV
WWWWWWWWWWWWWWWWWWWWWWWWW
XXXXXXXXXXXXXXXXXXXXXXXXX
YYYYYYYYYYYYYYYYYYYYYYYYY
Case #17:
UUUUUUUUUUUUUUUUMPLHSIQFA
UUUUUUUUUUUUUUUUMPLHSIQFA
UUUUUUUUUUUUUUUUMPLHSIQFA
UUUUUUUUUUUUUUUUMPLHSIQFA
UUUUUUUUUUUUUUUUMPLHSDQFN
UUUUUUUUUUUUUUUUMPLHSDGFT
UUUUUUUUUUUUUUUUMPLHSYGFR
UUUUUUUUUUUUUUUUMPLJSYGFR
UUUUUUUUUUUUUUUUMPLJSYKWR
OOOOOOOOOOOOOOOOMPLJSYKWR
OOOOOOOOOOOOOOOOMPLJXYKWR
OOOOOOOOOOOOOOOOZPLJXEKWR
OOOOOOOOOOOOOOOOZPLJBEKWR
OOOOOOOOOOOOOOOOVPLJBEKWR
OOOOOOOOOOOOOOOOVPLJBEKWR
OOOOOOOOOOOOOOOOVPLJBEKWR
OOOOOOOOOOOOOOOOVPLJBEKCR
OOOOOOOOOOOOOOOOVPLJBEKCR
OOOOOOOOOOOOOOOOVPLJBEKCR
OOOOOOOOOOOOOOOOVPLJBEKCR
OOOOOOOOOOOOOOOOVPLJBEKCR
OOOOOOOOOOOOOOOOVPLJBEKCR
OOOOOOOOOOOOOOOOVPLJBEKCR
OOOOOOOOOOOOOOOOVPLJBEKCR
OOOOOOOOOOOOOOOOVPLJBEKCR
Case #18:
AAAAAAAAAAAAAAAAAAAAAAAAA
BBBBBBBBBBBBBBBBBBBBBBBBB
CCCCCCCCCCCCCCCCCCCCCCCCC
DDDDDDDDDDDDDDDDDDDDDDDDD
EEEEEEEEEEEEEEEEEEEEEEEEE
FFFFFFFFFFFFFFFFFFFFFFFFF
GGGGGGGGGGGGGGGGGGGGGGGGG
HHHHHHHHHHHHHHHHHHHHHHHHH
IIIIIIIIIIIIIIIIIIIIIIIII
JJJJJJJJJJJJJJJJJJJJJJJJJ
KKKKKKKKKKKKKKKKKKKKKKKKK
LLLLLLLLLLLLLLLLLLLLLLLLL
MMMMMMMMMMMMMMMMMMMMMMMMM
NNNNNNNNNNNNNNNNNNNNNNNNN
OOOOOOOOOOOOOOOOOOOOOOOOO
PPPPPPPPPPPPPPPPPPPPPPPPP
QQQQQQQQQQQQQQQQQQQQQQQQQ
RRRRRRRRRRRRRRRRRRRRRRRRR
SSSSSSSSSSSSSSSSSSSSSSSSS
TTTTTTTTTTTTTTTTTTTTTTTTT
UUUUUUUUUUUUUUUUUUUUUUUUU
VVVVVVVVVVVVVVVVVVVVVVVVV
WWWWWWWWWWWWWWWWWWWWWWWWW
XXXXXXXXXXXXXXXXXXXXXXXXX
YYYYYYYYYYYYYYYYYYYYYYYYY
Case #19:
IIIBMMAXXFWWRVVVZUHNSSEJL
IIIBMMAXXFWWRVVVZUHNSSEJL
DDDBMMAXXFWWRVVVZUHNSSEJL
DDDBMMAXXFWWRVVVZKHNSSEQL
DDDBMMAXXFWWRVVVZKHNSSEQL
GGGBMMAXXFWWRVVVZKHNSSEQL
GGGBMMAXXFWWRVVVZKHNSSEQL
GGGBMMAXXFWWRVVVZKHNSSEQL
GGGBMMAXXFWWRVVVZKHNSSEQL
GGGBMMAXXFWWRVVVZKHNSSEQL
GGGBMMAXXPWWRVVVZKHNSSEQL
GGGBMMAXXPWWRVVVZKHNSSEQL
GGGBMMAXXPWWRVVVZKHNSSETL
GGGBMMAXXPWWRVVVZKHNSSETL
GGGBMMAXXPWWRVVVZKHNSSETL
GGGBMMAXXPWWROOOZKHNSSETL
GGGBMMAXXPWWROOOZKHNSSETL
GGGBMMAXXPWWROOOZKHNSSETL
GGGBMMAXXPWWROOOZKHNSSETL
GGGBMMAXXPWWROOOYKHNSSETL
GGGBMMAXXPWWROOOYCHNSSETL
GGGBMMAXXPWWROOOYCHNSSETL
GGGBMMAXXPWWROOOYCHNSSETL
GGGBMMAXXPWWROOOYCHNSSETL
GGGBMMAXXPWWROOOYCHNSSETL
Case #20:
PUIXZQJDYYWFFFFFFFFFFFFFF
PVIGZQJDYYWRRRRRRRRRRRRRR
HVIGZQJAYYWRRRRRRRRRRRRRR
SVINZQJEYYWRRRRRRRRRRRRRR
SVIBZTJMYYWRRRRRRRRRRRRRR
SVIBZTLMYYWRRRRRRRRRRRRRR
SVIBZTLOYYWRRRRRRRRRRRRRR
SVIBZTCOYYWRRRRRRRRRRRRRR
SVIBZTCOYYWRRRRRRRRRRRRRR
SVIBZTCOYYWRRRRRRRRRRRRRR
SVIBZTCOYYWRRRRRRRRRRRRRR
SVIBZTKOYYWRRRRRRRRRRRRRR
SVIBZTKOYYWRRRRRRRRRRRRRR
SVIBZTKOYYWRRRRRRRRRRRRRR
SVIBZTKOYYWRRRRRRRRRRRRRR
SVIBZTKOYYWRRRRRRRRRRRRRR
SVIBZTKOYYWRRRRRRRRRRRRRR
SVIBZTKOYYWRRRRRRRRRRRRRR
SVIBZTKOYYWRRRRRRRRRRRRRR
SVIBZTKOYYWRRRRRRRRRRRRRR
SVIBZTKOYYWRRRRRRRRRRRRRR
SVIBZTKOYYWRRRRRRRRRRRRRR
SVIBZTKOYYWRRRRRRRRRRRRRR
SVIBZTKOYYWRRRRRRRRRRRRRR
SVIBZTKOYYWRRRRRRRRRRRRRR
Case #21:
HHAQLWNKKJXDGGRRTCCFFYIZZ
HHAQLWNKKJXDGGRRTCCFFYIZZ
HHAQLWNKKJXDGGRRTCCFFYIZZ
HHAQLWNKKJXDGGRRTCCFFYIZZ
HHAQLWNKKJXDGGRRTCCFFYIZZ
HHAQLENKKJODGGRRTPPFFYIZZ
HHAQLENKKJODGGVVTPPFFYIZZ
HHAQLENKKJODGGVVTUUBBYIZZ
HHAQLENKKJODGGVVTUUBBYIZZ
HHAQLENKKJODGGVVTUUBBYIZZ
HHAQLENKKJODGGVVTUUBBYIZZ
HHAQLENKKJODGGVVTUUBBYIZZ
HHAQLENKKJODGGVVTUUBBYIZZ
HHAQLENKKJODGGVVTUUBBYIZZ
SSAQLMNKKJODGGVVTUUBBYIZZ
SSAQLMNKKJODGGVVTUUBBYIZZ
SSAQLMNKKJODGGVVTUUBBYIZZ
SSAQLMNKKJODGGVVTUUBBYIZZ
SSAQLMNKKJODGGVVTUUBBYIZZ
SSAQLMNKKJODGGVVTUUBBYIZZ
SSAQLMNKKJODGGVVTUUBBYIZZ
SSAQLMNKKJODGGVVTUUBBYIZZ
SSAQLMNKKJODGGVVTUUBBYIZZ
SSAQLMNKKJODGGVVTUUBBYIZZ
SSAQLMNKKJODGGVVTUUBBYIZZ
Case #22:
ACDEEEEEEEEEEEEEEEFJJJJGG
ACDEEEEEEEEEEEEEEEFJJJJGG
ACDEEEEEEEEEEEEEEEFJJJJGG
ACDEEEEEEEEEEEEEEEFJJJJGG
ACDEEEEEEEEEEEEEEEFJJJJGG
ACDEEEEEEEEEEEEEEEFJJJJGG
ACDEEEEEEEEEEEEEEEFJJJJGG
BCDEEEEEEEEEEEEEEEFJJJJGG
BCDEEEEEEEEEEEEEEEFJJJJGG
BCDEEEEEEEEEEEEEEEFJJJJGG
BCDEEEEEEEEEEEEEEEFJJJJGG
BCDEEEEEEEEEEEEEEEFJJJJGG
BCDEEEEEEEEEEEEEEEFJJJJGG
BCDEEEEEEEEEEEEEEEFJJJJGG
BCDEEEEEEEEEEEEEEEFJJJJGG
BCDEEEEEEEEEEEEEEEFJJJJGG
BCDEEEEEEEEEEEEEEEHJJJJII
BCDEEEEEEEEEEEEEEEHJJJJII
BCDEEEEEEEEEEEEEEEHJJJJII
BCDEEEEEEEEEEEEEEEHJJJJII
BCDEEEEEEEEEEEEEEEHJJJJII
BCDEEEEEEEEEEEEEEEHJJJJII
BCDEEEEEEEEEEEEEEEHJJJJII
BCDEEEEEEEEEEEEEEEHJJJJII
BCDEEEEEEEEEEEEEEEHJJJJII
Case #23:
A
A
Case #24:
YQXSIPBBWWFEGCJJTVVOOADDU
YQXSIPBBWWFEGCJJTVVOOADDU
YLXSIPBBWWFEGCJJTVVOOADDU
YLXSIHBBWWFEGCJJTVVOOADDU
YLXSIHBBWWFEGCJJTVVOOADDU
YLXSIHBBWWFEGCJJTVVOOADDU
YLXSIMBBWWFEGCJJTVVOOADDU
YLXSIMBBWWFEGNJJTVVOOADDU
YRXSIMBBWWFEGNJJTVVOOADDU
YRXSIMBBWWFEGNJJTVVOOADDU
YRXSIMBBWWFEGNJJTVVOOADDU
YRXSIMBBWWFEGNJJTVVOOADDU
YRXSIMBBWWFEGNJJTVVZZADDU
YRXSIMBBWWFEGNJJTVVZZADDU
YRXSIMBBWWFEGNJJTVVZZADDU
YRXSIMBBWWFEGNJJTVVZZADDU
YRXSIMBBWWFEGNJJTVVZZADDU
YRXSIMBBWWFEGNJJTVVZZADDU
YRXSIMBBWWFEKNJJTVVZZADDU
YRXSIMBBWWFEKNJJTVVZZADDU
YRXSIMBBWWFEKNJJTVVZZADDU
YRXSIMBBWWFEKNJJTVVZZADDU
YRXSIMBBWWFEKNJJTVVZZADDU
YRXSIMBBWWFEKNJJTVVZZADDU
YRXSIMBBWWFEKNJJTVVZZADDU
Case #25:
EAB
DFB
CFB
CFB
CFB
Case #26:
ABCDEFGHIJKLMNOPQRSTUVWXY
ABCDEFGHIJKLMNOPQRSTUVWXY
ABCDEFGHIJKLMNOPQRSTUVWXY
ABCDEFGHIJKLMNOPQRSTUVWXY
ABCDEFGHIJKLMNOPQRSTUVWXY
ABCDEFGHIJKLMNOPQRSTUVWXY
ABCDEFGHIJKLMNOPQRSTUVWXY
ABCDEFGHIJKLMNOPQRSTUVWXY
ABCDEFGHIJKLMNOPQRSTUVWXY
ABCDEFGHIJKLMNOPQRSTUVWXY
ABCDEFGHIJKLMNOPQRSTUVWXY
ABCDEFGHIJKLMNOPQRSTUVWXY
ABCDEFGHIJKLMNOPQRSTUVWXY
ABCDEFGHIJKLMNOPQRSTUVWXY
ABCDEFGHIJKLMNOPQRSTUVWXY
ABCDEFGHIJKLMNOPQRSTUVWXY
ABCDEFGHIJKLMNOPQRSTUVWXY
ABCDEFGHIJKLMNOPQRSTUVWXY
ABCDEFGHIJKLMNOPQRSTUVWXY
ABCDEFGHIJKLMNOPQRSTUVWXY
ABCDEFGHIJKLMNOPQRSTUVWXY
ABCDEFGHIJKLMNOPQRSTUVWXY
ABCDEFGHIJKLMNOPQRSTUVWXY
ABCDEFGHIJKLMNOPQRSTUVWXY
ABCDEFGHIJKLMNOPQRSTUVWXY
Case #27:
AAAAEEEEBBBBFHIJJJJJJJJJJ
AAAAEEEEBBBBFHIJJJJJJJJJJ
AAAAEEEEBBBBFHIJJJJJJJJJJ
AAAAEEEEBBBBFHIJJJJJJJJJJ
AAAAEEEEBBBBFHIJJJJJJJJJJ
AAAAEEEEBBBBFHIJJJJJJJJJJ
AAAAEEEEBBBBFHIJJJJJJJJJJ
AAAAEEEEBBBBFHIJJJJJJJJJJ
CCCCEEEEDDDDFHIJJJJJJJJJJ
CCCCEEEEDDDDFHIJJJJJJJJJJ
CCCCEEEEDDDDFHIJJJJJJJJJJ
CCCCEEEEDDDDFHIJJJJJJJJJJ
CCCCEEEEDDDDFHIJJJJJJJJJJ
CCCCEEEEDDDDFHIJJJJJJJJJJ
CCCCEEEEDDDDGHIJJJJJJJJJJ
CCCCEEEEDDDDGHIJJJJJJJJJJ
CCCCEEEEDDDDGHIJJJJJJJJJJ
CCCCEEEEDDDDGHIJJJJJJJJJJ
CCCCEEEEDDDDGHIJJJJJJJJJJ
CCCCEEEEDDDDGHIJJJJJJJJJJ
CCCCEEEEDDDDGHIJJJJJJJJJJ
CCCCEEEEDDDDGHIJJJJJJJJJJ
CCCCEEEEDDDDGHIJJJJJJJJJJ
CCCCEEEEDDDDGHIJJJJJJJJJJ
CCCCEEEEDDDDGHIJJJJJJJJJJ
Case #28:
CCB
DDA
DDE
DDE
Case #29:
QQZDDFXSSSTTECYYIMKHVAABN
QQZDDFXSSSTTECYYIMKHVAABN
QQZDDFXSSSTTECYYIMKHVAABN
QQZWWFXSSSTTECYYIMKHVAABN
QQZWWFXSSSTTECYYIMKHVAABN
QQZWWFXSSSTTECYYIMKHVAABN
QQZWWFXSSSTTECYYIMKHVAABN
QQZWWFXSSSTTECYYIMKHVAABN
QQZWWFJSSSTTECYYIMKHVAABN
QQZWWFJSSSTTECYYIMKHVAABN
QQZWWOJSSSTTECYYIMKHVAABN
QQZWWOJSSSTTPCYYIMKHVAABN
QQZWWOJSSSTTPCYYIMKHVAABN
QQZWWOJSSSTTPCYYIMKHUAABN
QQZWWOJSSSTTPCYYLMKHUAABN
QQZWWOJSSSTTPCYYLMKHUAABN
QQZWWOJSSSTTPCYYLMKHURRBN
QQZWWOJSSSTTPCYYLMKHURRBN
QQZWWOJSSSTTPCYYLMKHURRBN
QQZWWOJSSSTTGCYYLMKHURRBN
QQZWWOJSSSTTGCYYLMKHURRBN
QQZWWOJSSSTTGCYYLMKHURRBN
QQZWWOJSSSTTGCYYLMKHURRBN
QQZWWOJSSSTTGCYYLMKHURRBN
QQZWWOJSSSTTGCYYLMKHURRBN
Case #30:
NNNNNNNNNNNNNNMGGBIKEPDAR
NNNNNNNNNNNNNNMGGBIKEPVAR
NNNNNNNNNNNNNNMGGBIKEPVQR
NNNNNNNNNNNNNNMGGBIKXPVQH
NNNNNNNNNNNNNNMGGBIKSPVQH
NNNNNNNNNNNNNNMGGTIKSPVQH
NNNNNNNNNNNNNNZYYTLKSPOQH
NNNNNNNNNNNNNNZYYTLKSPOQH
NNNNNNNNNNNNNNZYYTLKCPOQH
NNNNNNNNNNNNNNZYYTLKFPOQU
NNNNNNNNNNNNNNZYYTLKFPOWU
NNNNNNNNNNNNNNZYYTLKFPOJU
NNNNNNNNNNNNNNZYYTLKFPOJU
NNNNNNNNNNNNNNZYYTLKFPOJU
NNNNNNNNNNNNNNZYYTLKFPOJU
NNNNNNNNNNNNNNZYYTLKFPOJU
NNNNNNNNNNNNNNZYYTLKFPOJU
NNNNNNNNNNNNNNZYYTLKFPOJU
NNNNNNNNNNNNNNZYYTLKFPOJU
NNNNNNNNNNNNNNZYYTLKFPOJU
NNNNNNNNNNNNNNZYYTLKFPOJU
NNNNNNNNNNNNNNZYYTLKFPOJU
NNNNNNNNNNNNNNZYYTLKFPOJU
NNNNNNNNNNNNNNZYYTLKFPOJU
NNNNNNNNNNNNNNZYYTLKFPOJU
Case #31:
MMMMMMMMMMMMUDHRNCGBPYYYY
SSSSSSSSSSSSUDVRECXOPYYYY
SSSSSSSSSSSSUWVREQXOPYYYY
SSSSSSSSSSSSUWVLTFKOPYYYY
SSSSSSSSSSSSUWVZTFKOPYYYY
SSSSSSSSSSSSUWVJIFKOPYYYY
SSSSSSSSSSSSUWVAIFKOPYYYY
SSSSSSSSSSSSUWVAIFKOPYYYY
SSSSSSSSSSSSUWVAIFKOPYYYY
SSSSSSSSSSSSUWVAIFKOPYYYY
SSSSSSSSSSSSUWVAIFKOPYYYY
SSSSSSSSSSSSUWVAIFKOPYYYY
SSSSSSSSSSSSUWVAIFKOPYYYY
SSSSSSSSSSSSUWVAIFKOPYYYY
SSSSSSSSSSSSUWVAIFKOPYYYY
SSSSSSSSSSSSUWVAIFKOPYYYY
SSSSSSSSSSSSUWVAIFKOPYYYY
SSSSSSSSSSSSUWVAIFKOPYYYY
SSSSSSSSSSSSUWVAIFKOPYYYY
SSSSSSSSSSSSUWVAIFKOPYYYY
SSSSSSSSSSSSUWVAIFKOPYYYY
SSSSSSSSSSSSUWVAIFKOPYYYY
SSSSSSSSSSSSUWVAIFKOPYYYY
SSSSSSSSSSSSUWVAIFKOPYYYY
SSSSSSSSSSSSUWVAIFKOPYYYY
Case #32:
AA
AA
Case #33:
DDDDDDDDDDDDDDDDDDDYHIUMG
DDDDDDDDDDDDDDDDDDDYHIUMO
DDDDDDDDDDDDDDDDDDDYHIUTZ
DDDDDDDDDDDDDDDDDDDYHIPWZ
DDDDDDDDDDDDDDDDDDDYHFPWZ
DDDDDDDDDDDDDDDDDDDYHFLKZ
DDDDDDDDDDDDDDDDDDDYHFSKR
DDDDDDDDDDDDDDDDDDDYQFSBR
DDDDDDDDDDDDDDDDDDDJEVNAC
DDDDDDDDDDDDDDDDDDDJEVNAC
DDDDDDDDDDDDDDDDDDDJEVNXC
DDDDDDDDDDDDDDDDDDDJEVNXC
DDDDDDDDDDDDDDDDDDDJEVNXC
DDDDDDDDDDDDDDDDDDDJEVNXC
DDDDDDDDDDDDDDDDDDDJEVNXC
DDDDDDDDDDDDDDDDDDDJEVNXC
DDDDDDDDDDDDDDDDDDDJEVNXC
DDDDDDDDDDDDDDDDDDDJEVNXC
DDDDDDDDDDDDDDDDDDDJEVNXC
DDDDDDDDDDDDDDDDDDDJEVNXC
DDDDDDDDDDDDDDDDDDDJEVNXC
DDDDDDDDDDDDDDDDDDDJEVNXC
DDDDDDDDDDDDDDDDDDDJEVNXC
DDDDDDDDDDDDDDDDDDDJEVNXC
DDDDDDDDDDDDDDDDDDDJEVNXC
Case #34:
AA
Case #35:
IIIIIIIIIIIIIIIIVTMHAGEEE
IIIIIIIIIIIIIIIIVTMHAGEEE
IIIIIIIIIIIIIIIIVTMHAGEEE
IIIIIIIIIIIIIIIIVTMHAGEEE
IIIIIIIIIIIIIIIIVTMLAGEEE
IIIIIIIIIIIIIIIIVTMLYGEEE
IIIIIIIIIIIIIIIIDTMZJKEEE
IIIIIIIIIIIIIIIIXNSZUKRRR
OOOOOOOOOOOOOOOOPNSWUKRRR
OOOOOOOOOOOOOOOOBNCWUKRRR
OOOOOOOOOOOOOOOOBNFWUQRRR
OOOOOOOOOOOOOOOOBNFWUQRRR
OOOOOOOOOOOOOOOOBNFWUQRRR
OOOOOOOOOOOOOOOOBNFWUQRRR
OOOOOOOOOOOOOOOOBNFWUQRRR
OOOOOOOOOOOOOOOOBNFWUQRRR
OOOOOOOOOOOOOOOOBNFWUQRRR
OOOOOOOOOOOOOOOOBNFWUQRRR
OOOOOOOOOOOOOOOOBNFWUQRRR
OOOOOOOOOOOOOOOOBNFWUQRRR
OOOOOOOOOOOOOOOOBNFWUQRRR
OOOOOOOOOOOOOOOOBNFWUQRRR
OOOOOOOOOOOOOOOOBNFWUQRRR
OOOOOOOOOOOOOOOOBNFWUQRRR
OOOOOOOOOOOOOOOOBNFWUQRRR
Case #36:
AAD
CCD
CCB
Case #37:
AEEEEBBBBBBBBBBBBBBBBBBBB
AEEEEBBBBBBBBBBBBBBBBBBBB
AEEEEBBBBBBBBBBBBBBBBBBBB
AEEEEBBBBBBBBBBBBBBBBBBBB
AEEEEBBBBBBBBBBBBBBBBBBBB
AEEEEBBBBBBBBBBBBBBBBBBBB
AEEEEBBBBBBBBBBBBBBBBBBBB
AEEEEBBBBBBBBBBBBBBBBBBBB
AEEEEBBBBBBBBBBBBBBBBBBBB
AEEEEBBBBBBBBBBBBBBBBBBBB
AEEEEBBBBBBBBBBBBBBBBBBBB
AEEEEBBBBBBBBBBBBBBBBBBBB
AEEEEBBBBBBBBBBBBBBBBBBBB
AEEEEBBBBBBBBBBBBBBBBBBBB
AEEEEBBBBBBBBBBBBBBBBBBBB
AEEEEBBBBBBBBBBBBBBBBBBBB
AEEEEBBBBBBBBBBBBBBBBBBBB
AEEEEBBBBBBBBBBBBBBBBBBBB
CEEEEDDDDDDDDDDDDDDDDDDDD
CEEEEDDDDDDDDDDDDDDDDDDDD
CEEEEDDDDDDDDDDDDDDDDDDDD
CEEEEDDDDDDDDDDDDDDDDDDDD
CEEEEDDDDDDDDDDDDDDDDDDDD
CEEEEDDDDDDDDDDDDDDDDDDDD
CEEEEDDDDDDDDDDDDDDDDDDDD
Case #38:
WWFRRATXVOGEBIJZZZZZZZZZZ
WWFRRATXVOGEBIJZZZZZZZZZZ
WWFRRATXVOGEBIJZZZZZZZZZZ
WWFRRATXVOGEBIJZZZZZZZZZZ
WWFRRATYVOGEBIJZZZZZZZZZZ
WWFRRATYVDGEBIJZZZZZZZZZZ
WWFRRLKYVUGHBIJZZZZZZZZZZ
WWFPPSKYVUGHBNJZZZZZZZZZZ
WWFPPSKYVCGHBNJZZZZZZZZZZ
WWFPPSKYVCGHBNJZZZZZZZZZZ
WWFPPSKYVCGHBNJZZZZZZZZZZ
WWFPPQKMVCGHBNJZZZZZZZZZZ
WWFPPQKMVCGHBNJZZZZZZZZZZ
WWFPPQKMVCGHBNJZZZZZZZZZZ
WWFPPQKMVCGHBNJZZZZZZZZZZ
WWFPPQKMVCGHBNJZZZZZZZZZZ
WWFPPQKMVCGHBNJZZZZZZZZZZ
WWFPPQKMVCGHBNJZZZZZZZZZZ
WWFPPQKMVCGHBNJZZZZZZZZZZ
WWFPPQKMVCGHBNJZZZZZZZZZZ
WWFPPQKMVCGHBNJZZZZZZZZZZ
WWFPPQKMVCGHBNJZZZZZZZZZZ
WWFPPQKMVCGHBNJZZZZZZZZZZ
WWFPPQKMVCGHBNJZZZZZZZZZZ
WWFPPQKMVCGHBNJZZZZZZZZZZ
Case #39:
AAAAAAAAAAAAAAAAEEEEBBBBB
AAAAAAAAAAAAAAAAEEEEBBBBB
AAAAAAAAAAAAAAAAEEEEBBBBB
AAAAAAAAAAAAAAAAEEEEBBBBB
AAAAAAAAAAAAAAAAEEEEBBBBB
AAAAAAAAAAAAAAAAEEEEBBBBB
AAAAAAAAAAAAAAAAEEEEBBBBB
AAAAAAAAAAAAAAAAEEEEBBBBB
AAAAAAAAAAAAAAAAEEEEBBBBB
AAAAAAAAAAAAAAAAEEEEBBBBB
AAAAAAAAAAAAAAAAEEEEBBBBB
AAAAAAAAAAAAAAAAEEEEBBBBB
AAAAAAAAAAAAAAAAEEEEBBBBB
AAAAAAAAAAAAAAAAEEEEBBBBB
AAAAAAAAAAAAAAAAEEEEBBBBB
AAAAAAAAAAAAAAAAEEEEBBBBB
AAAAAAAAAAAAAAAAEEEEBBBBB
AAAAAAAAAAAAAAAAEEEEBBBBB
AAAAAAAAAAAAAAAAEEEEBBBBB
AAAAAAAAAAAAAAAAEEEEBBBBB
CCCCCCCCCCCCCCCCEEEEDDDDD
CCCCCCCCCCCCCCCCEEEEDDDDD
CCCCCCCCCCCCCCCCEEEEDDDDD
CCCCCCCCCCCCCCCCEEEEDDDDD
CCCCCCCCCCCCCCCCEEEEDDDDD
Case #40:
AAACDEEEEEEEEEEEEEFJJJJGG
AAACDEEEEEEEEEEEEEFJJJJGG
AAACDEEEEEEEEEEEEEFJJJJGG
AAACDEEEEEEEEEEEEEFJJJJGG
AAACDEEEEEEEEEEEEEFJJJJGG
BBBCDEEEEEEEEEEEEEFJJJJGG
BBBCDEEEEEEEEEEEEEFJJJJGG
BBBCDEEEEEEEEEEEEEFJJJJGG
BBBCDEEEEEEEEEEEEEFJJJJGG
BBBCDEEEEEEEEEEEEEFJJJJGG
BBBCDEEEEEEEEEEEEEFJJJJGG
BBBCDEEEEEEEEEEEEEFJJJJGG
BBBCDEEEEEEEEEEEEEFJJJJGG
BBBCDEEEEEEEEEEEEEFJJJJGG
BBBCDEEEEEEEEEEEEEFJJJJGG
BBBCDEEEEEEEEEEEEEFJJJJGG
BBBCDEEEEEEEEEEEEEFJJJJGG
BBBCDEEEEEEEEEEEEEFJJJJGG
BBBCDEEEEEEEEEEEEEFJJJJGG
BBBCDEEEEEEEEEEEEEFJJJJGG
BBBCDEEEEEEEEEEEEEFJJJJGG
BBBCDEEEEEEEEEEEEEFJJJJGG
BBBCDEEEEEEEEEEEEEHJJJJII
BBBCDEEEEEEEEEEEEEHJJJJII
BBBCDEEEEEEEEEEEEEHJJJJII
Case #41:
CD
AB
Case #42:
VQHKWRIICFFXUUEEYPPDZGMTA
VQHKWRIICFFXUUEEYPPDZGMTA
VQHKWRIICFFXUUEEYPPDZGMTA
VQHKWRIICFFXUUEEYPPDZGMTA
VQHKWRIICFFXUUEEYPPDZGMTA
VQHKWRIICFFXUUEEYPPDZGMTA
VQHKWNIICFFXUUEEYPPDZGMTA
VQHKWNIICFFXUUEEYPPDZGMTA
VSHKWNIICFFXUUEEYPPDZGMTA
VSHKWNIICFFXUUEEYPPDZGMTA
VSHKWNIICFFXUUEEYPPDZGMTA
VSHJWNIICFFXUUEEYPPDZGMTA
VSHJWNIICLLXUUEEYPPDZGMTA
VSHJWNIICLLXUUEEYPPOZGMTA
VSHJWNIICLLXUUEEYPPOZGMTA
VSHJWNIICLLXUUEEYPPOZGMTA
VSHJWNIICLLXUUEEYPPOZGMTA
VSHJWNIICLLXBBEEYPPOZGMTA
VSHJWNIICLLXBBEEYPPOZGMTA
VSHJWNIICLLXBBEEYPPOZGMTA
VSHJWNIICLLXBBEEYPPOZGMTA
VSHJWNIICLLXBBEEYPPOZGMTA
VSHJWNIICLLXBBEEYPPOZGMTA
VSHJWNIICLLXBBEEYPPOZGMTA
VSHJWNIICLLXBBEEYPPOZGMTA
Case #43:
HQJGIIIKKAZZVMEPRYYULSSSB
HQCGIIIKKAZZVMNPRYYULSSSB
HQCGIIIKKAZZVMNFRYYULSSSB
DQCGIIIKKAZZVMNFRYYULSSSB
DQCGIIIKKAZZVMNFRYYULSSSB
DQCGIIIKKAZZVMNFRYYULSSSB
DQCGIIIKKAZZVMNFRYYULSSSB
DQCGIIIKKAZZVMNFRYYULSSSB
DQCGIIIKKAZZVONFRYYULSSSB
DQCGIIIKKAZZVONFRYYULSSSB
DQCGIIIKKAZZVONFRYYULSSSB
DQCGIIIKKAZZVONFRYYULSSSB
DQCTIIIKKAZZVONFRYYULSSSB
DQCTIIIKKAZZVONFRYYULSSSB
DQCTIIIKKAZZVONFRYYULSSSB
DQCTIIIKKAZZVONFRYYULSSSB
DQCWIIIKKAZZVONFRYYULSSSB
DQCWIIIKKAZZVONFRYYULSSSB
DQCWIIIKKAZZVONFRYYULSSSB
DQCWIIIKKAZZVONFRYYULSSSB
DQCWIIIKKAZZVONFRYYULSSSB
DQCWIIIKKAZZVONFRYYULSSSB
DQCWIIIKKAZZVONFRYYULSSSB
DQCWIIIKKAZZVONFRYYULSSSB
DQCWIIIKKAZZVONFXYYULSSSB
Case #44:
ABCDEFGHIJKLMNOPQRSTUVWXY
ABCDEFGHIJKLMNOPQRSTUVWXY
ABCDEFGHIJKLMNOPQRSTUVWXY
ABCDEFGHIJKLMNOPQRSTUVWXY
ABCDEFGHIJKLMNOPQRSTUVWXY
ABCDEFGHIJKLMNOPQRSTUVWXY
ABCDEFGHIJKLMNOPQRSTUVWXY
ABCDEFGHIJKLMNOPQRSTUVWXY
ABCDEFGHIJKLMNOPQRSTUVWXY
ABCDEFGHIJKLMNOPQRSTUVWXY
ABCDEFGHIJKLMNOPQRSTUVWXY
ABCDEFGHIJKLMNOPQRSTUVWXY
ABCDEFGHIJKLMNOPQRSTUVWXY
ABCDEFGHIJKLMNOPQRSTUVWXY
ABCDEFGHIJKLMNOPQRSTUVWXY
ABCDEFGHIJKLMNOPQRSTUVWXY
ABCDEFGHIJKLMNOPQRSTUVWXY
ABCDEFGHIJKLMNOPQRSTUVWXY
ABCDEFGHIJKLMNOPQRSTUVWXY
ABCDEFGHIJKLMNOPQRSTUVWXY
ABCDEFGHIJKLMNOPQRSTUVWXY
ABCDEFGHIJKLMNOPQRSTUVWXY
ABCDEFGHIJKLMNOPQRSTUVWXY
ABCDEFGHIJKLMNOPQRSTUVWXY
ABCDEFGHIJKLMNOPQRSTUVWXY
Case #45:
RBQWT
VKOPE
YNMHI
JXCDS
UGALF
Case #46:
ABCDEFGHIJKLMNOPQRSTUVWXY
ABCDEFGHIJKLMNOPQRSTUVWXY
ABCDEFGHIJKLMNOPQRSTUVWXY
ABCDEFGHIJKLMNOPQRSTUVWXY
ABCDEFGHIJKLMNOPQRSTUVWXY
ABCDEFGHIJKLMNOPQRSTUVWXY
ABCDEFGHIJKLMNOPQRSTUVWXY
ABCDEFGHIJKLMNOPQRSTUVWXY
ABCDEFGHIJKLMNOPQRSTUVWXY
ABCDEFGHIJKLMNOPQRSTUVWXY
ABCDEFGHIJKLMNOPQRSTUVWXY
ABCDEFGHIJKLMNOPQRSTUVWXY
ABCDEFGHIJKLMNOPQRSTUVWXY
ABCDEFGHIJKLMNOPQRSTUVWXY
ABCDEFGHIJKLMNOPQRSTUVWXY
ABCDEFGHIJKLMNOPQRSTUVWXY
ABCDEFGHIJKLMNOPQRSTUVWXY
ABCDEFGHIJKLMNOPQRSTUVWXY
ABCDEFGHIJKLMNOPQRSTUVWXY
ABCDEFGHIJKLMNOPQRSTUVWXY
ABCDEFGHIJKLMNOPQRSTUVWXY
ABCDEFGHIJKLMNOPQRSTUVWXY
ABCDEFGHIJKLMNOPQRSTUVWXY
ABCDEFGHIJKLMNOPQRSTUVWXY
ABCDEFGHIJKLMNOPQRSTUVWXY
Case #47:
AAAAAAAAAAAAAAAAAAAAAAAAA
BBBBBBBBBBBBBBBBBBBBBBBBB
CCCCCCCCCCCCCCCCCCCCCCCCC
DDDDDDDDDDDDDDDDDDDDDDDDD
EEEEEEEEEEEEEEEEEEEEEEEEE
FFFFFFFFFFFFFFFFFFFFFFFFF
GGGGGGGGGGGGGGGGGGGGGGGGG
HHHHHHHHHHHHHHHHHHHHHHHHH
IIIIIIIIIIIIIIIIIIIIIIIII
JJJJJJJJJJJJJJJJJJJJJJJJJ
KKKKKKKKKKKKKKKKKKKKKKKKK
LLLLLLLLLLLLLLLLLLLLLLLLL
MMMMMMMMMMMMMMMMMMMMMMMMM
NNNNNNNNNNNNNNNNNNNNNNNNN
OOOOOOOOOOOOOOOOOOOOOOOOO
PPPPPPPPPPPPPPPPPPPPPPPPP
QQQQQQQQQQQQQQQQQQQQQQQQQ
RRRRRRRRRRRRRRRRRRRRRRRRR
SSSSSSSSSSSSSSSSSSSSSSSSS
TTTTTTTTTTTTTTTTTTTTTTTTT
UUUUUUUUUUUUUUUUUUUUUUUUU
VVVVVVVVVVVVVVVVVVVVVVVVV
WWWWWWWWWWWWWWWWWWWWWWWWW
XXXXXXXXXXXXXXXXXXXXXXXXX
YYYYYYYYYYYYYYYYYYYYYYYYY
Case #48:
LLLLLLLLLLLLLDIYXMMGSCEET
LLLLLLLLLLLLLDIYXMMGJCEET
LLLLLLLLLLLLLDIYXMMGJCEET
LLLLLLLLLLLLLOIYWMMGJZEET
LLLLLLLLLLLLLAIVWFFGJZEET
LLLLLLLLLLLLLAHQNFFGJZEET
LLLLLLLLLLLLLAHQNPPGJZEET
LLLLLLLLLLLLLAHQNBBGJZEET
LLLLLLLLLLLLLAHQKBBGRZUUT
LLLLLLLLLLLLLAHQKBBGRZUUT
LLLLLLLLLLLLLAHQKBBGRZUUT
LLLLLLLLLLLLLAHQKBBGRZUUT
LLLLLLLLLLLLLAHQKBBGRZUUT
LLLLLLLLLLLLLAHQKBBGRZUUT
LLLLLLLLLLLLLAHQKBBGRZUUT
LLLLLLLLLLLLLAHQKBBGRZUUT
LLLLLLLLLLLLLAHQKBBGRZUUT
LLLLLLLLLLLLLAHQKBBGRZUUT
LLLLLLLLLLLLLAHQKBBGRZUUT
LLLLLLLLLLLLLAHQKBBGRZUUT
LLLLLLLLLLLLLAHQKBBGRZUUT
LLLLLLLLLLLLLAHQKBBGRZUUT
LLLLLLLLLLLLLAHQKBBGRZUUT
LLLLLLLLLLLLLAHQKBBGRZUUT
LLLLLLLLLLLLLAHQKBBGRZUUT
Case #49:
HETPVOARZMMNNNNNNNNNNNNNN
HDWYSOARZMMNNNNNNNNNNNNNN
HDWQUOARZMMNNNNNNNNNNNNNN
HDWQXOARZMMNNNNNNNNNNNNNN
HDWQXOARFCCNNNNNNNNNNNNNN
HDWQXOALFCCNNNNNNNNNNNNNN
HDWQXOGLFCCNNNNNNNNNNNNNN
HDWQBOGLFCCNNNNNNNNNNNNNN
HDIQBOGKFCCNNNNNNNNNNNNNN
HDIQBOGKFCCNNNNNNNNNNNNNN
HDIQJOGKFCCNNNNNNNNNNNNNN
HDIQJOGKFCCNNNNNNNNNNNNNN
HDIQJOGKFCCNNNNNNNNNNNNNN
HDIQJOGKFCCNNNNNNNNNNNNNN
HDIQJOGKFCCNNNNNNNNNNNNNN
HDIQJOGKFCCNNNNNNNNNNNNNN
HDIQJOGKFCCNNNNNNNNNNNNNN
HDIQJOGKFCCNNNNNNNNNNNNNN
HDIQJOGKFCCNNNNNNNNNNNNNN
HDIQJOGKFCCNNNNNNNNNNNNNN
HDIQJOGKFCCNNNNNNNNNNNNNN
HDIQJOGKFCCNNNNNNNNNNNNNN
HDIQJOGKFCCNNNNNNNNNNNNNN
HDIQJOGKFCCNNNNNNNNNNNNNN
HDIQJOGKFCCNNNNNNNNNNNNNN
Case #50:
GPPCTQKVYEENMZLSWBBDUROOX
GPPCTQKVYFFIHZLSWBBDURAAJ
Case #51:
AAAACDEEEEEEEEEEEEEEEEEEE
AAAACDEEEEEEEEEEEEEEEEEEE
AAAACDEEEEEEEEEEEEEEEEEEE
AAAACDEEEEEEEEEEEEEEEEEEE
AAAACDEEEEEEEEEEEEEEEEEEE
AAAACDEEEEEEEEEEEEEEEEEEE
AAAACDEEEEEEEEEEEEEEEEEEE
AAAACDEEEEEEEEEEEEEEEEEEE
AAAACDEEEEEEEEEEEEEEEEEEE
AAAACDEEEEEEEEEEEEEEEEEEE
AAAACDEEEEEEEEEEEEEEEEEEE
AAAACDEEEEEEEEEEEEEEEEEEE
AAAACDEEEEEEEEEEEEEEEEEEE
AAAACDEEEEEEEEEEEEEEEEEEE
AAAACDEEEEEEEEEEEEEEEEEEE
AAAACDEEEEEEEEEEEEEEEEEEE
BBBBCDEEEEEEEEEEEEEEEEEEE
BBBBCDEEEEEEEEEEEEEEEEEEE
BBBBCDEEEEEEEEEEEEEEEEEEE
BBBBCDEEEEEEEEEEEEEEEEEEE
BBBBCDEEEEEEEEEEEEEEEEEEE
BBBBCDEEEEEEEEEEEEEEEEEEE
BBBBCDEEEEEEEEEEEEEEEEEEE
BBBBCDEEEEEEEEEEEEEEEEEEE
BBBBCDEEEEEEEEEEEEEEEEEEE
Case #52:
GCKI
HCBD
ECAJ
FLAJ
Case #53:
QM
XN
VN
VK
VC
RC
FJ
UJ
ZS
EA
LD
TO
HO
BW
BW
BW
YW
YW
YW
IW
IW
GW
GP
GP
GP
Case #54:
BBBBCA
BBBBCA
BBBBCA
BBBBCA
BBBBCA
BBBBCA
Case #55:
PPPPPPPPPPPPPPPPICDGNNMYY
PPPPPPPPPPPPPPPPICDGNNMYY
PPPPPPPPPPPPPPPPICDGNNMYY
PPPPPPPPPPPPPPPPICDGNNMYY
PPPPPPPPPPPPPPPPICDGNNMYY
PPPPPPPPPPPPPPPPICDGNNMYY
PPPPPPPPPPPPPPPPICDGNNMYY
PPPPPPPPPPPPPPPPICDGNNMYY
PPPPPPPPPPPPPPPPICDGNNMYY
PPPPPPPPPPPPPPPPICDGNNMYY
PPPPPPPPPPPPPPPPICDGNNMYY
PPPPPPPPPPPPPPPPICDGNNMYY
PPPPPPPPPPPPPPPPICDGNNMYY
PPPPPPPPPPPPPPPPICDGNNMYY
PPPPPPPPPPPPPPPPICDGNNMYY
PPPPPPPPPPPPPPPPICDGNNMYY
PPPPPPPPPPPPPPPPICDGNNMYY
PPPPPPPPPPPPPPPPICKGNNMYY
PPPPPPPPPPPPPPPPICTJNNMYY
PPPPPPPPPPPPPPPPSCBJXXMYY
PPPPPPPPPPPPPPPPSQBLXXMYY
PPPPPPPPPPPPPPPPSEBLRRMYY
AAAAAAAAAAAAAAAAHOZVRRMYY
AAAAAAAAAAAAAAAAUOFVWWMYY
AAAAAAAAAAAAAAAAUOFVWWMYY
Case #56:
AAEEEEBBBBBBBBBBBBBBBFHIJ
AAEEEEBBBBBBBBBBBBBBBFHIJ
AAEEEEBBBBBBBBBBBBBBBFHIJ
AAEEEEBBBBBBBBBBBBBBBFHIJ
AAEEEEBBBBBBBBBBBBBBBFHIJ
AAEEEEBBBBBBBBBBBBBBBFHIJ
AAEEEEBBBBBBBBBBBBBBBFHIJ
CCEEEEDDDDDDDDDDDDDDDFHIJ
CCEEEEDDDDDDDDDDDDDDDFHIJ
CCEEEEDDDDDDDDDDDDDDDFHIJ
CCEEEEDDDDDDDDDDDDDDDFHIJ
CCEEEEDDDDDDDDDDDDDDDFHIJ
CCEEEEDDDDDDDDDDDDDDDFHIJ
CCEEEEDDDDDDDDDDDDDDDFHIJ
CCEEEEDDDDDDDDDDDDDDDFHIJ
CCEEEEDDDDDDDDDDDDDDDFHIJ
CCEEEEDDDDDDDDDDDDDDDGHIJ
CCEEEEDDDDDDDDDDDDDDDGHIJ
CCEEEEDDDDDDDDDDDDDDDGHIJ
CCEEEEDDDDDDDDDDDDDDDGHIJ
CCEEEEDDDDDDDDDDDDDDDGHIJ
CCEEEEDDDDDDDDDDDDDDDGHIJ
CCEEEEDDDDDDDDDDDDDDDGHIJ
CCEEEEDDDDDDDDDDDDDDDGHIJ
CCEEEEDDDDDDDDDDDDDDDGHIJ
Case #57:
YATOONWVJJJJBRMXXPPSSLZZZ
YATOONWVJJJJBRMXXPPSSLZZZ
YATOONWVJJJJBRMXXPPSSLZZZ
YATOONWVIIIIBRMXXPPSSLZZZ
YATOONWVIIIIBRMXXPPSSLZZZ
YATOONWVIIIIBRMXXPPGGCZZZ
YATOONWVIIIIBRMXXPPGGCZZZ
YATOONWVIIIIBRMXXPPGGCZZZ
YATOONWVIIIIBRMXXPPGGCZZZ
YATOONWVIIIIBRMXXPPGGCZZZ
YATOONWVIIIIBRMXXPPGGCZZZ
YATOONWVIIIIBRMXXPPGGCZZZ
YATOONWVIIIIBRMXXPPGGCZZZ
YATOONWVIIIIURHQQPPGGCZZZ
YATOONWVIIIIURHQQPPGGCZZZ
YATOONWVIIIIDRHQQPPGGCZZZ
YATOONWVIIIIDRHQQPPGGCZZZ
YATOONEVIIIIDRHQQPPGGCKKK
YATOONEVIIIIDRHQQPPGGCKKK
YATOONEVIIIIDRHQQPPGGCFFF
YATOONEVIIIIDRHQQPPGGCFFF
YATOONEVIIIIDRHQQPPGGCFFF
YATOONEVIIIIDRHQQPPGGCFFF
YATOONEVIIIIDRHQQPPGGCFFF
YATOONEVIIIIDRHQQPPGGCFFF
Case #58:
ABCDEFGHIJKLMNOPQRSTUVWXY
ABCDEFGHIJKLMNOPQRSTUVWXY
ABCDEFGHIJKLMNOPQRSTUVWXY
ABCDEFGHIJKLMNOPQRSTUVWXY
ABCDEFGHIJKLMNOPQRSTUVWXY
ABCDEFGHIJKLMNOPQRSTUVWXY
ABCDEFGHIJKLMNOPQRSTUVWXY
ABCDEFGHIJKLMNOPQRSTUVWXY
ABCDEFGHIJKLMNOPQRSTUVWXY
ABCDEFGHIJKLMNOPQRSTUVWXY
ABCDEFGHIJKLMNOPQRSTUVWXY
ABCDEFGHIJKLMNOPQRSTUVWXY
ABCDEFGHIJKLMNOPQRSTUVWXY
ABCDEFGHIJKLMNOPQRSTUVWXY
ABCDEFGHIJKLMNOPQRSTUVWXY
ABCDEFGHIJKLMNOPQRSTUVWXY
ABCDEFGHIJKLMNOPQRSTUVWXY
ABCDEFGHIJKLMNOPQRSTUVWXY
ABCDEFGHIJKLMNOPQRSTUVWXY
ABCDEFGHIJKLMNOPQRSTUVWXY
ABCDEFGHIJKLMNOPQRSTUVWXY
ABCDEFGHIJKLMNOPQRSTUVWXY
ABCDEFGHIJKLMNOPQRSTUVWXY
ABCDEFGHIJKLMNOPQRSTUVWXY
ABCDEFGHIJKLMNOPQRSTUVWXY
Case #59:
AAAAAAAAAAAAAAAAAAAAAAAAA
BBBBBBBBBBBBBBBBBBBBBBBBB
CCCCCCCCCCCCCCCCCCCCCCCCC
DDDDDDDDDDDDDDDDDDDDDDDDD
EEEEEEEEEEEEEEEEEEEEEEEEE
FFFFFFFFFFFFFFFFFFFFFFFFF
GGGGGGGGGGGGGGGGGGGGGGGGG
HHHHHHHHHHHHHHHHHHHHHHHHH
IIIIIIIIIIIIIIIIIIIIIIIII
JJJJJJJJJJJJJJJJJJJJJJJJJ
KKKKKKKKKKKKKKKKKKKKKKKKK
LLLLLLLLLLLLLLLLLLLLLLLLL
MMMMMMMMMMMMMMMMMMMMMMMMM
NNNNNNNNNNNNNNNNNNNNNNNNN
OOOOOOOOOOOOOOOOOOOOOOOOO
PPPPPPPPPPPPPPPPPPPPPPPPP
QQQQQQQQQQQQQQQQQQQQQQQQQ
RRRRRRRRRRRRRRRRRRRRRRRRR
SSSSSSSSSSSSSSSSSSSSSSSSS
TTTTTTTTTTTTTTTTTTTTTTTTT
UUUUUUUUUUUUUUUUUUUUUUUUU
VVVVVVVVVVVVVVVVVVVVVVVVV
WWWWWWWWWWWWWWWWWWWWWWWWW
XXXXXXXXXXXXXXXXXXXXXXXXX
YYYYYYYYYYYYYYYYYYYYYYYYY
Case #60:
AAAAAACDEEEEEEEEEEEEEEEEE
BBBBBBCDEEEEEEEEEEEEEEEEE
BBBBBBCDEEEEEEEEEEEEEEEEE
BBBBBBCDEEEEEEEEEEEEEEEEE
BBBBBBCDEEEEEEEEEEEEEEEEE
BBBBBBCDEEEEEEEEEEEEEEEEE
BBBBBBCDEEEEEEEEEEEEEEEEE
BBBBBBCDEEEEEEEEEEEEEEEEE
BBBBBBCDEEEEEEEEEEEEEEEEE
BBBBBBCDEEEEEEEEEEEEEEEEE
BBBBBBCDEEEEEEEEEEEEEEEEE
BBBBBBCDEEEEEEEEEEEEEEEEE
BBBBBBCDEEEEEEEEEEEEEEEEE
BBBBBBCDEEEEEEEEEEEEEEEEE
BBBBBBCDEEEEEEEEEEEEEEEEE
BBBBBBCDEEEEEEEEEEEEEEEEE
BBBBBBCDEEEEEEEEEEEEEEEEE
BBBBBBCDEEEEEEEEEEEEEEEEE
BBBBBBCDEEEEEEEEEEEEEEEEE
BBBBBBCDEEEEEEEEEEEEEEEEE
BBBBBBCDEEEEEEEEEEEEEEEEE
BBBBBBCDEEEEEEEEEEEEEEEEE
BBBBBBCDEEEEEEEEEEEEEEEEE
BBBBBBCDEEEEEEEEEEEEEEEEE
BBBBBBCDEEEEEEEEEEEEEEEEE
Case #61:
AAAAAAAAAAAAAAAAAAAAACDEE
AAAAAAAAAAAAAAAAAAAAACDEE
AAAAAAAAAAAAAAAAAAAAACDEE
AAAAAAAAAAAAAAAAAAAAACDEE
AAAAAAAAAAAAAAAAAAAAACDEE
AAAAAAAAAAAAAAAAAAAAACDEE
AAAAAAAAAAAAAAAAAAAAACDEE
AAAAAAAAAAAAAAAAAAAAACDEE
AAAAAAAAAAAAAAAAAAAAACDEE
AAAAAAAAAAAAAAAAAAAAACDEE
AAAAAAAAAAAAAAAAAAAAACDEE
AAAAAAAAAAAAAAAAAAAAACDEE
BBBBBBBBBBBBBBBBBBBBBCDEE
BBBBBBBBBBBBBBBBBBBBBCDEE
BBBBBBBBBBBBBBBBBBBBBCDEE
BBBBBBBBBBBBBBBBBBBBBCDEE
BBBBBBBBBBBBBBBBBBBBBCDEE
BBBBBBBBBBBBBBBBBBBBBCDEE
BBBBBBBBBBBBBBBBBBBBBCDEE
BBBBBBBBBBBBBBBBBBBBBCDEE
BBBBBBBBBBBBBBBBBBBBBCDEE
BBBBBBBBBBBBBBBBBBBBBCDEE
BBBBBBBBBBBBBBBBBBBBBCDEE
BBBBBBBBBBBBBBBBBBBBBCDEE
BBBBBBBBBBBBBBBBBBBBBCDEE
Case #62:
NNNNNNNNNNNNWPYLGQSMZAAAA
NNNNNNNNNNNNWPYLGQSMZAAAA
NNNNNNNNNNNNWPYLGQSMZAAAA
NNNNNNNNNNNNWPYLGQSMZAAAA
NNNNNNNNNNNNWPYLGQSMZAAAA
NNNNNNNNNNNNWPYLGQSMZAAAA
NNNNNNNNNNNNWPYLGQSMZAAAA
NNNNNNNNNNNNWPYLGQSMZAAAA
NNNNNNNNNNNNWPYLGQSMZAAAA
NNNNNNNNNNNNWPYLKBSMZAAAA
NNNNNNNNNNNNWTYEKBSMZAAAA
NNNNNNNNNNNNWTYFKBSMZAAAA
NNNNNNNNNNNNWOYVKBSMZAAAA
NNNNNNNNNNNNWODVKBJUZAAAA
NNNNNNNNNNNNWODVKXJUZRRRR
NNNNNNNNNNNNIODVKCHUZRRRR
NNNNNNNNNNNNIODVKCHUZRRRR
NNNNNNNNNNNNIODVKCHUZRRRR
NNNNNNNNNNNNIODVKCHUZRRRR
NNNNNNNNNNNNIODVKCHUZRRRR
NNNNNNNNNNNNIODVKCHUZRRRR
NNNNNNNNNNNNIODVKCHUZRRRR
NNNNNNNNNNNNIODVKCHUZRRRR
NNNNNNNNNNNNIODVKCHUZRRRR
NNNNNNNNNNNNIODVKCHUZRRRR
Case #63:
B
A
Case #64:
TTTTTTTTTTTTTTTTLFUYGNBQZ
TTTTTTTTTTTTTTTTLFUYGNBQZ
TTTTTTTTTTTTTTTTLFUYGNBQZ
TTTTTTTTTTTTTTTTLFUYGNBQZ
TTTTTTTTTTTTTTTTLFUYGNBQZ
TTTTTTTTTTTTTTTTLFUYGNBQZ
TTTTTTTTTTTTTTTTLFUYGNBQZ
TTTTTTTTTTTTTTTTLFUYGNBQZ
TTTTTTTTTTTTTTTTLFUYGNBQZ
TTTTTTTTTTTTTTTTLFUYGNBQZ
TTTTTTTTTTTTTTTTLFUYGNBQZ
TTTTTTTTTTTTTTTTLFUYGNBQZ
TTTTTTTTTTTTTTTTLFUYGNBQZ
TTTTTTTTTTTTTTTTLFUYGNBQZ
TTTTTTTTTTTTTTTTLFUYGNBQZ
TTTTTTTTTTTTTTTTLFUYGNBQZ
TTTTTTTTTTTTTTTTLFUYGNBQZ
TTTTTTTTTTTTTTTTLFUYGNBQZ
TTTTTTTTTTTTTTTTLFUYGNJQZ
TTTTTTTTTTTTTTTTLFUYGNWQZ
TTTTTTTTTTTTTTTTLFUYGPDVZ
TTTTTTTTTTTTTTTTLFUKGSDMZ
TTTTTTTTTTTTTTTTLEOKGSDMC
TTTTTTTTTTTTTTTTHXOKGRDMC
TTTTTTTTTTTTTTTTHXOKGRAIC
Case #65:
AAAAAAACDEEEEEEEEEFJJJJGG
AAAAAAACDEEEEEEEEEFJJJJGG
AAAAAAACDEEEEEEEEEFJJJJGG
AAAAAAACDEEEEEEEEEFJJJJGG
AAAAAAACDEEEEEEEEEFJJJJGG
BBBBBBBCDEEEEEEEEEFJJJJGG
BBBBBBBCDEEEEEEEEEFJJJJGG
BBBBBBBCDEEEEEEEEEFJJJJGG
BBBBBBBCDEEEEEEEEEFJJJJGG
BBBBBBBCDEEEEEEEEEFJJJJGG
BBBBBBBCDEEEEEEEEEFJJJJGG
BBBBBBBCDEEEEEEEEEFJJJJGG
BBBBBBBCDEEEEEEEEEFJJJJGG
BBBBBBBCDEEEEEEEEEFJJJJGG
BBBBBBBCDEEEEEEEEEFJJJJGG
BBBBBBBCDEEEEEEEEEFJJJJGG
BBBBBBBCDEEEEEEEEEFJJJJGG
BBBBBBBCDEEEEEEEEEFJJJJGG
BBBBBBBCDEEEEEEEEEFJJJJGG
BBBBBBBCDEEEEEEEEEHJJJJII
BBBBBBBCDEEEEEEEEEHJJJJII
BBBBBBBCDEEEEEEEEEHJJJJII
BBBBBBBCDEEEEEEEEEHJJJJII
BBBBBBBCDEEEEEEEEEHJJJJII
BBBBBBBCDEEEEEEEEEHJJJJII
Case #66:
AAAAAAAAAAAAAAAAAAAAAAAAA
BBBBBBBBBBBBBBBBBBBBBBBBB
CCCCCCCCCCCCCCCCCCCCCCCCC
DDDDDDDDDDDDDDDDDDDDDDDDD
EEEEEEEEEEEEEEEEEEEEEEEEE
FFFFFFFFFFFFFFFFFFFFFFFFF
GGGGGGGGGGGGGGGGGGGGGGGGG
HHHHHHHHHHHHHHHHHHHHHHHHH
IIIIIIIIIIIIIIIIIIIIIIIII
JJJJJJJJJJJJJJJJJJJJJJJJJ
KKKKKKKKKKKKKKKKKKKKKKKKK
LLLLLLLLLLLLLLLLLLLLLLLLL
MMMMMMMMMMMMMMMMMMMMMMMMM
NNNNNNNNNNNNNNNNNNNNNNNNN
OOOOOOOOOOOOOOOOOOOOOOOOO
PPPPPPPPPPPPPPPPPPPPPPPPP
QQQQQQQQQQQQQQQQQQQQQQQQQ
RRRRRRRRRRRRRRRRRRRRRRRRR
SSSSSSSSSSSSSSSSSSSSSSSSS
TTTTTTTTTTTTTTTTTTTTTTTTT
UUUUUUUUUUUUUUUUUUUUUUUUU
VVVVVVVVVVVVVVVVVVVVVVVVV
WWWWWWWWWWWWWWWWWWWWWWWWW
XXXXXXXXXXXXXXXXXXXXXXXXX
YYYYYYYYYYYYYYYYYYYYYYYYY
Case #67:
AAAAAAAAACDEEFJJJJGGGGGGG
AAAAAAAAACDEEFJJJJGGGGGGG
AAAAAAAAACDEEFJJJJGGGGGGG
AAAAAAAAACDEEFJJJJGGGGGGG
AAAAAAAAACDEEFJJJJGGGGGGG
AAAAAAAAACDEEFJJJJGGGGGGG
BBBBBBBBBCDEEFJJJJGGGGGGG
BBBBBBBBBCDEEFJJJJGGGGGGG
BBBBBBBBBCDEEFJJJJGGGGGGG
BBBBBBBBBCDEEFJJJJGGGGGGG
BBBBBBBBBCDEEFJJJJGGGGGGG
BBBBBBBBBCDEEFJJJJGGGGGGG
BBBBBBBBBCDEEFJJJJGGGGGGG
BBBBBBBBBCDEEFJJJJGGGGGGG
BBBBBBBBBCDEEFJJJJGGGGGGG
BBBBBBBBBCDEEFJJJJGGGGGGG
BBBBBBBBBCDEEFJJJJGGGGGGG
BBBBBBBBBCDEEFJJJJGGGGGGG
BBBBBBBBBCDEEFJJJJGGGGGGG
BBBBBBBBBCDEEFJJJJGGGGGGG
BBBBBBBBBCDEEFJJJJGGGGGGG
BBBBBBBBBCDEEHJJJJIIIIIII
BBBBBBBBBCDEEHJJJJIIIIIII
BBBBBBBBBCDEEHJJJJIIIIIII
BBBBBBBBBCDEEHJJJJIIIIIII
Case #68:
AAAAAAAAAAAAAAAAAAAAAAAAA
AAAAAAAAAAAAAAAAAAAAAAAAA
AAAAAAAAAAAAAAAAAAAAAAAAA
AAAAAAAAAAAAAAAAAAAAAAAAA
AAAAAAAAAAAAAAAAAAAAAAAAA
AAAAAAAAAAAAAAAAAAAAAAAAA
AAAAAAAAAAAAAAAAAAAAAAAAA
AAAAAAAAAAAAAAAAAAAAAAAAA
AAAAAAAAAAAAAAAAAAAAAAAAA
AAAAAAAAAAAAAAAAAAAAAAAAA
AAAAAAAAAAAAAAAAAAAAAAAAA
AAAAAAAAAAAAAAAAAAAAAAAAA
AAAAAAAAAAAAAAAAAAAAAAAAA
AAAAAAAAAAAAAAAAAAAAAAAAA
AAAAAAAAAAAAAAAAAAAAAAAAA
AAAAAAAAAAAAAAAAAAAAAAAAA
AAAAAAAAAAAAAAAAAAAAAAAAA
AAAAAAAAAAAAAAAAAAAAAAAAA
AAAAAAAAAAAAAAAAAAAAAAAAA
AAAAAAAAAAAAAAAAAAAAAAAAA
AAAAAAAAAAAAAAAAAAAAAAAAA
AAAAAAAAAAAAAAAAAAAAAAAAA
AAAAAAAAAAAAAAAAAAAAAAAAA
AAAAAAAAAAAAAAAAAAAAAAAAA
AAAAAAAAAAAAAAAAAAAAAAAAA
Case #69:
AAAAAAAEEEEBBBBBBBBBBBBBB
AAAAAAAEEEEBBBBBBBBBBBBBB
AAAAAAAEEEEBBBBBBBBBBBBBB
AAAAAAAEEEEBBBBBBBBBBBBBB
AAAAAAAEEEEBBBBBBBBBBBBBB
AAAAAAAEEEEBBBBBBBBBBBBBB
AAAAAAAEEEEBBBBBBBBBBBBBB
AAAAAAAEEEEBBBBBBBBBBBBBB
AAAAAAAEEEEBBBBBBBBBBBBBB
AAAAAAAEEEEBBBBBBBBBBBBBB
AAAAAAAEEEEBBBBBBBBBBBBBB
AAAAAAAEEEEBBBBBBBBBBBBBB
CCCCCCCEEEEDDDDDDDDDDDDDD
CCCCCCCEEEEDDDDDDDDDDDDDD
CCCCCCCEEEEDDDDDDDDDDDDDD
CCCCCCCEEEEDDDDDDDDDDDDDD
CCCCCCCEEEEDDDDDDDDDDDDDD
CCCCCCCEEEEDDDDDDDDDDDDDD
CCCCCCCEEEEDDDDDDDDDDDDDD
CCCCCCCEEEEDDDDDDDDDDDDDD
CCCCCCCEEEEDDDDDDDDDDDDDD
CCCCCCCEEEEDDDDDDDDDDDDDD
CCCCCCCEEEEDDDDDDDDDDDDDD
CCCCCCCEEEEDDDDDDDDDDDDDD
CCCCCCCEEEEDDDDDDDDDDDDDD
Case #70:
YYYYYYYYYYYPTRNMFHIIIIIII
YYYYYYYYYYYPTRNMFHIIIIIII
YYYYYYYYYYYPTRNMFHIIIIIII
YYYYYYYYYYYPTRNMFHIIIIIII
YYYYYYYYYYYPTRNMFHIIIIIII
YYYYYYYYYYYPTRKMFHIIIIIII
YYYYYYYYYYYOTVKDFHIIIIIII
YYYYYYYYYYYOQSKDLAIIIIIII
YYYYYYYYYYYOQWKZLUIIIIIII
BBBBBBBBBBBOQXJZLUIIIIIII
BBBBBBBBBBBOQEJZLUIIIIIII
BBBBBBBBBBBOQGCZLUIIIIIII
BBBBBBBBBBBOQGCZLUIIIIIII
BBBBBBBBBBBOQGCZLUIIIIIII
BBBBBBBBBBBOQGCZLUIIIIIII
BBBBBBBBBBBOQGCZLUIIIIIII
BBBBBBBBBBBOQGCZLUIIIIIII
BBBBBBBBBBBOQGCZLUIIIIIII
BBBBBBBBBBBOQGCZLUIIIIIII
BBBBBBBBBBBOQGCZLUIIIIIII
BBBBBBBBBBBOQGCZLUIIIIIII
BBBBBBBBBBBOQGCZLUIIIIIII
BBBBBBBBBBBOQGCZLUIIIIIII
BBBBBBBBBBBOQGCZLUIIIIIII
BBBBBBBBBBBOQGCZLUIIIIIII
Case #71:
RXXNMVVOOHFDQSSUUUUGYLIWJ
RXXNMVVOOHFDQSSUUUUGYLIWJ
RXXNMVVOOPFDQSSUUUUGYLIWJ
RXXNMVVOOPFDQSSUUUUGYLIWJ
RXXNMVVOOPFDQSSUUUUGYLIWB
RXXNMVVOOPFDQSSUUUUGYLIWB
RXXNMVVOOPFDQSSUUUUGYLIWB
RXXNMVVOOPFDQSSUUUUGYLIWB
RXXNMVVOOPFDQSSUUUUEYLIWB
RXXNMVVOOPFDQSSUUUUEYLIWB
RXXNMVVOOPFDQSSUUUUEYLIWB
RXXNMVVOOPFDQSSUUUUEYLIWB
RXXNMVVOOPFDQSSUUUUEYLIWB
RKKNMVVOOPFDQSSUUUUEYLIWB
RKKNMVVOOPFDQSSUUUUEYLIWB
RKKNMVVOOPFDQSSUUUUEYLIWB
RKKNMVVOOPFDQSSUUUUEYLIWB
RKKNMVVCCPFDQSSUUUUEYLIWB
RKKNMTTCCPFDQSSUUUUEYLIWB
RKKNMTTCCPFDQSSUUUUEYLIWB
RKKNMTTCCPFDQSSUUUUEYLIWB
RKKNMTTCCPFDQSSUUUUEYLIWB
RKKNMTTCCPFDQSSUUUUEYLIWB
RKKAMTTCCPFDQSSUUUUEYLIWB
Case #72:
CA
BA
Case #73:
AAAEEEEBBBBBBBBBBBBBBBBBB
AAAEEEEBBBBBBBBBBBBBBBBBB
AAAEEEEBBBBBBBBBBBBBBBBBB
AAAEEEEBBBBBBBBBBBBBBBBBB
AAAEEEEBBBBBBBBBBBBBBBBBB
AAAEEEEBBBBBBBBBBBBBBBBBB
AAAEEEEBBBBBBBBBBBBBBBBBB
AAAEEEEBBBBBBBBBBBBBBBBBB
AAAEEEEBBBBBBBBBBBBBBBBBB
AAAEEEEBBBBBBBBBBBBBBBBBB
AAAEEEEBBBBBBBBBBBBBBBBBB
AAAEEEEBBBBBBBBBBBBBBBBBB
AAAEEEEBBBBBBBBBBBBBBBBBB
AAAEEEEBBBBBBBBBBBBBBBBBB
AAAEEEEBBBBBBBBBBBBBBBBBB
AAAEEEEBBBBBBBBBBBBBBBBBB
AAAEEEEBBBBBBBBBBBBBBBBBB
AAAEEEEBBBBBBBBBBBBBBBBBB
AAAEEEEBBBBBBBBBBBBBBBBBB
AAAEEEEBBBBBBBBBBBBBBBBBB
CCCEEEEDDDDDDDDDDDDDDDDDD
CCCEEEEDDDDDDDDDDDDDDDDDD
CCCEEEEDDDDDDDDDDDDDDDDDD
CCCEEEEDDDDDDDDDDDDDDDDDD
CCCEEEEDDDDDDDDDDDDDDDDDD
Case #74:
ABCDEFGHIJKLMNOPQRSTUVWXY
ABCDEFGHIJKLMNOPQRSTUVWXY
ABCDEFGHIJKLMNOPQRSTUVWXY
ABCDEFGHIJKLMNOPQRSTUVWXY
ABCDEFGHIJKLMNOPQRSTUVWXY
ABCDEFGHIJKLMNOPQRSTUVWXY
ABCDEFGHIJKLMNOPQRSTUVWXY
ABCDEFGHIJKLMNOPQRSTUVWXY
ABCDEFGHIJKLMNOPQRSTUVWXY
ABCDEFGHIJKLMNOPQRSTUVWXY
ABCDEFGHIJKLMNOPQRSTUVWXY
ABCDEFGHIJKLMNOPQRSTUVWXY
ABCDEFGHIJKLMNOPQRSTUVWXY
ABCDEFGHIJKLMNOPQRSTUVWXY
ABCDEFGHIJKLMNOPQRSTUVWXY
ABCDEFGHIJKLMNOPQRSTUVWXY
ABCDEFGHIJKLMNOPQRSTUVWXY
ABCDEFGHIJKLMNOPQRSTUVWXY
ABCDEFGHIJKLMNOPQRSTUVWXY
ABCDEFGHIJKLMNOPQRSTUVWXY
ABCDEFGHIJKLMNOPQRSTUVWXY
ABCDEFGHIJKLMNOPQRSTUVWXY
ABCDEFGHIJKLMNOPQRSTUVWXY
ABCDEFGHIJKLMNOPQRSTUVWXY
ABCDEFGHIJKLMNOPQRSTUVWXY
Case #75:
EJJZWOUCDMVVYAQPHFFXXXXTS
EJJZWRUCDMVVYAQPHFFXXXXTS
EJJZWRUCDMVVYAQPHFFXXXXTS
EJJZWRUCDMVVYAQPHFFXXXXTS
EJJZWRUCDMVVYAQPHFFXXXXTS
LJJZWRUCDMVVYAQPHFFXXXXTS
LJJZWRUCDMVVYAQPHFFXXXXTS
LJJZWRUCDMVVYAQPHFFXXXXTS
LJJZWRUCDMVVYAQPHFFXXXXTS
LJJZWRUIDMVVYAQPHFFXXXXTS
LJJZWRUIDMVVYAQPHFFXXXXTS
LJJZWRUIDMVVYAQPHFFXXXXTS
LGGBWRUIDMVVYAQPHFFXXXXTS
NGGBWRUIDMVVYAQPHFFXXXXTS
NGGBWRUIDMVVYAQPHFFXXXXTS
NGGBWRUIDMVVYAQPHFFXXXXTS
NGGBWRUIDMVVYAQPHFFXXXXTS
NGGBWRUIDMVVYAQPHFFXXXXTS
NGGBWRUIDMVVYAQPHFFXXXXTS
NGGBWRUIDMVVYAQPHFFXXXXTS
NGGBWRUIDMVVYAQPHFFXXXXTS
NKKBWRUIDMVVYAQPHFFXXXXTS
NKKBWRUIDMVVYAQPHFFXXXXTS
NKKBWRUIDMVVYAQPHFFXXXXTS
NKKBWRUIDMVVYAQPHFFXXXXTS
Case #76:
ABCDEFGHIJKLMNOPQRSTUVWXY
ABCDEFGHIJKLMNOPQRSTUVWXY
ABCDEFGHIJKLMNOPQRSTUVWXY
ABCDEFGHIJKLMNOPQRSTUVWXY
ABCDEFGHIJKLMNOPQRSTUVWXY
ABCDEFGHIJKLMNOPQRSTUVWXY
ABCDEFGHIJKLMNOPQRSTUVWXY
ABCDEFGHIJKLMNOPQRSTUVWXY
ABCDEFGHIJKLMNOPQRSTUVWXY
ABCDEFGHIJKLMNOPQRSTUVWXY
ABCDEFGHIJKLMNOPQRSTUVWXY
ABCDEFGHIJKLMNOPQRSTUVWXY
ABCDEFGHIJKLMNOPQRSTUVWXY
ABCDEFGHIJKLMNOPQRSTUVWXY
ABCDEFGHIJKLMNOPQRSTUVWXY
ABCDEFGHIJKLMNOPQRSTUVWXY
ABCDEFGHIJKLMNOPQRSTUVWXY
ABCDEFGHIJKLMNOPQRSTUVWXY
ABCDEFGHIJKLMNOPQRSTUVWXY
ABCDEFGHIJKLMNOPQRSTUVWXY
ABCDEFGHIJKLMNOPQRSTUVWXY
ABCDEFGHIJKLMNOPQRSTUVWXY
ABCDEFGHIJKLMNOPQRSTUVWXY
ABCDEFGHIJKLMNOPQRSTUVWXY
ABCDEFGHIJKLMNOPQRSTUVWXY
Case #77:
NNNNQSMMWVVUZEDDOKFLHXXXR
NNNNQSMMWVVUZEDDOKCLHXXXR
NNNNQSMMWVVUZEDDOKCLHXXXR
NNNNQSMMWVVUZEDDOKCLHXXXR
NNNNQSMMWVVUZEDDOKCLHXXXR
NNNNQSMMWIIUZEDDOKCBHXXXR
NNNNQSMMWIIUZEDDOKCBHXXXR
NNNNQSMMWIIUZEDDOKCBHXXXR
NNNNQSMMWIIUYEDDOKCGHXXXR
NNNNQSMMWIIUYEDDOKCGHXXXR
NNNNQSMMWIIUYEDDOKCGHXXXR
NNNNQSMMWIIUYEDDOKCGHXXXA
NNNNQSMMWIIUYEDDOKCGHXXXA
NNNNQSMMWIIUYEDDOKCGHXXXA
NNNNQSMMWIIUYEDDOKCGHXXXA
NNNNQSMMWIIUYEDDOKCGHXXXA
NNNNQSMMWIIUYEDDOKCGHXXXA
NNNNQSMMWIIUYEDDOKCGHXXXA
NNNNQSMMWIIUYEDDOKCGTXXXA
NNNNQSMMWIIUYEDDOKCGTXXXA
NNNNQSMMWIIUYEDDOKCGTJJJA
NNNNQSPPWIIUYEDDOKCGTJJJA
NNNNQSPPWIIUYEDDOKCGTJJJA
NNNNQSPPWIIUYEDDOKCGTJJJA
NNNNQSPPWIIUYEDDOKCGTJJJA
Case #78:
AAAAAAAEEEEBBBBFHIJJJJJJJ
CCCCCCCEEEEDDDDFHIJJJJJJJ
CCCCCCCEEEEDDDDFHIJJJJJJJ
CCCCCCCEEEEDDDDFHIJJJJJJJ
CCCCCCCEEEEDDDDFHIJJJJJJJ
CCCCCCCEEEEDDDDFHIJJJJJJJ
CCCCCCCEEEEDDDDFHIJJJJJJJ
CCCCCCCEEEEDDDDFHIJJJJJJJ
CCCCCCCEEEEDDDDFHIJJJJJJJ
CCCCCCCEEEEDDDDFHIJJJJJJJ
CCCCCCCEEEEDDDDFHIJJJJJJJ
CCCCCCCEEEEDDDDFHIJJJJJJJ
CCCCCCCEEEEDDDDFHIJJJJJJJ
CCCCCCCEEEEDDDDFHIJJJJJJJ
CCCCCCCEEEEDDDDFHIJJJJJJJ
CCCCCCCEEEEDDDDFHIJJJJJJJ
CCCCCCCEEEEDDDDFHIJJJJJJJ
CCCCCCCEEEEDDDDGHIJJJJJJJ
CCCCCCCEEEEDDDDGHIJJJJJJJ
CCCCCCCEEEEDDDDGHIJJJJJJJ
CCCCCCCEEEEDDDDGHIJJJJJJJ
CCCCCCCEEEEDDDDGHIJJJJJJJ
CCCCCCCEEEEDDDDGHIJJJJJJJ
CCCCCCCEEEEDDDDGHIJJJJJJJ
CCCCCCCEEEEDDDDGHIJJJJJJJ
Case #79:
ANBOCPDQERFSGTHUIVJWKXLYM
ZNBOCPDQERFSGTHUIVJWKXLYM
ZNBOCPDQERFSGTHUIVJWKXLYM
ZNBOCPDQERFSGTHUIVJWKXLYM
ZNBOCPDQERFSGTHUIVJWKXLYM
ZNBOCPDQERFSGTHUIVJWKXLYM
ZNBOCPDQERFSGTHUIVJWKXLYM
ZNBOCPDQERFSGTHUIVJWKXLYM
ZNBOCPDQERFSGTHUIVJWKXLYM
ZNBOCPDQERFSGTHUIVJWKXLYM
ZNBOCPDQERFSGTHUIVJWKXLYM
ZNBOCPDQERFSGTHUIVJWKXLYM
ZNBOCPDQERFSGTHUIVJWKXLYM
ZNBOCPDQERFSGTHUIVJWKXLYM
ZNBOCPDQERFSGTHUIVJWKXLYM
ZNBOCPDQERFSGTHUIVJWKXLYM
ZNBOCPDQERFSGTHUIVJWKXLYM
ZNBOCPDQERFSGTHUIVJWKXLYM
ZNBOCPDQERFSGTHUIVJWKXLYM
ZNBOCPDQERFSGTHUIVJWKXLYM
ZNBOCPDQERFSGTHUIVJWKXLYM
ZNBOCPDQERFSGTHUIVJWKXLYM
ZNBOCPDQERFSGTHUIVJWKXLYM
ZNBOCPDQERFSGTHUIVJWKXLYM
ZNBOCPDQERFSGTHUIVJWKXLYM
Case #80:
AAAAAAAAAAAAAACDEEEEEEEEE
AAAAAAAAAAAAAACDEEEEEEEEE
AAAAAAAAAAAAAACDEEEEEEEEE
AAAAAAAAAAAAAACDEEEEEEEEE
AAAAAAAAAAAAAACDEEEEEEEEE
BBBBBBBBBBBBBBCDEEEEEEEEE
BBBBBBBBBBBBBBCDEEEEEEEEE
BBBBBBBBBBBBBBCDEEEEEEEEE
BBBBBBBBBBBBBBCDEEEEEEEEE
BBBBBBBBBBBBBBCDEEEEEEEEE
BBBBBBBBBBBBBBCDEEEEEEEEE
BBBBBBBBBBBBBBCDEEEEEEEEE
BBBBBBBBBBBBBBCDEEEEEEEEE
BBBBBBBBBBBBBBCDEEEEEEEEE
BBBBBBBBBBBBBBCDEEEEEEEEE
BBBBBBBBBBBBBBCDEEEEEEEEE
BBBBBBBBBBBBBBCDEEEEEEEEE
BBBBBBBBBBBBBBCDEEEEEEEEE
BBBBBBBBBBBBBBCDEEEEEEEEE
BBBBBBBBBBBBBBCDEEEEEEEEE
BBBBBBBBBBBBBBCDEEEEEEEEE
BBBBBBBBBBBBBBCDEEEEEEEEE
BBBBBBBBBBBBBBCDEEEEEEEEE
BBBBBBBBBBBBBBCDEEEEEEEEE
BBBBBBBBBBBBBBCDEEEEEEEEE
Case #81:
AAAAAAAAAAAAAAAAAAAAAAAAA
BBBBBBBBBBBBBBBBBBBBBBBBB
CCCCCCCCCCCCCCCCCCCCCCCCC
DDDDDDDDDDDDDDDDDDDDDDDDD
EEEEEEEEEEEEEEEEEEEEEEEEE
FFFFFFFFFFFFFFFFFFFFFFFFF
GGGGGGGGGGGGGGGGGGGGGGGGG
HHHHHHHHHHHHHHHHHHHHHHHHH
IIIIIIIIIIIIIIIIIIIIIIIII
JJJJJJJJJJJJJJJJJJJJJJJJJ
KKKKKKKKKKKKKKKKKKKKKKKKK
LLLLLLLLLLLLLLLLLLLLLLLLL
MMMMMMMMMMMMMMMMMMMMMMMMM
NNNNNNNNNNNNNNNNNNNNNNNNN
OOOOOOOOOOOOOOOOOOOOOOOOO
PPPPPPPPPPPPPPPPPPPPPPPPP
QQQQQQQQQQQQQQQQQQQQQQQQQ
RRRRRRRRRRRRRRRRRRRRRRRRR
SSSSSSSSSSSSSSSSSSSSSSSSS
TTTTTTTTTTTTTTTTTTTTTTTTT
UUUUUUUUUUUUUUUUUUUUUUUUU
VVVVVVVVVVVVVVVVVVVVVVVVV
WWWWWWWWWWWWWWWWWWWWWWWWW
XXXXXXXXXXXXXXXXXXXXXXXXX
YYYYYYYYYYYYYYYYYYYYYYYYY
Case #82:
A
Case #83:
OQIPERXBLCGWWWWWWWWWWWWWW
OQIPERXBLCGWWWWWWWWWWWWWW
OQIPERXBLCGWWWWWWWWWWWWWW
OQIPERXBLCGWWWWWWWWWWWWWW
OQIPERXBLCGWWWWWWWWWWWWWW
OQIPERXBLCGWWWWWWWWWWWWWW
OQIPERXBLCGWWWWWWWWWWWWWW
OQIPERXBLCGWWWWWWWWWWWWWW
OQIPERXBLCGWWWWWWWWWWWWWW
OQIPERXBLCGWWWWWWWWWWWWWW
OQIPERXBLCGWWWWWWWWWWWWWW
OQIPERXBLCGWWWWWWWWWWWWWW
OQIPERXBLCGWWWWWWWWWWWWWW
OQIPERXBLCGWWWWWWWWWWWWWW
OQIPERXBLCGWWWWWWWWWWWWWW
OQIPERXBLCGWWWWWWWWWWWWWW
OZIPEYXBLCGWWWWWWWWWWWWWW
OZIKEYXBLCGWWWWWWWWWWWWWW
OZIKEYXBJCGWWWWWWWWWWWWWW
TSIKEYXBFNGWWWWWWWWWWWWWW
TSIKEYHBVNGWWWWWWWWWWWWWW
TSIUEYHBVNGWWWWWWWWWWWWWW
TAIUEYHBVMGWWWWWWWWWWWWWW
TAIUEYHBDMGWWWWWWWWWWWWWW
TAIUEYHBDMGWWWWWWWWWWWWWW
Case #84:
AAAAAAACDEEEEFJJJJGGGGGGG
AAAAAAACDEEEEFJJJJGGGGGGG
AAAAAAACDEEEEFJJJJGGGGGGG
AAAAAAACDEEEEFJJJJGGGGGGG
AAAAAAACDEEEEFJJJJGGGGGGG
AAAAAAACDEEEEFJJJJGGGGGGG
AAAAAAACDEEEEFJJJJGGGGGGG
BBBBBBBCDEEEEFJJJJGGGGGGG
BBBBBBBCDEEEEFJJJJGGGGGGG
BBBBBBBCDEEEEFJJJJGGGGGGG
BBBBBBBCDEEEEFJJJJGGGGGGG
BBBBBBBCDEEEEFJJJJGGGGGGG
BBBBBBBCDEEEEFJJJJGGGGGGG
BBBBBBBCDEEEEFJJJJGGGGGGG
BBBBBBBCDEEEEFJJJJGGGGGGG
BBBBBBBCDEEEEFJJJJGGGGGGG
BBBBBBBCDEEEEFJJJJGGGGGGG
BBBBBBBCDEEEEFJJJJGGGGGGG
BBBBBBBCDEEEEHJJJJIIIIIII
BBBBBBBCDEEEEHJJJJIIIIIII
BBBBBBBCDEEEEHJJJJIIIIIII
BBBBBBBCDEEEEHJJJJIIIIIII
BBBBBBBCDEEEEHJJJJIIIIIII
BBBBBBBCDEEEEHJJJJIIIIIII
BBBBBBBCDEEEEHJJJJIIIIIII
Case #85:
AAAAAAAEEEEBBBBBBBBFHIJJJ
AAAAAAAEEEEBBBBBBBBFHIJJJ
AAAAAAAEEEEBBBBBBBBFHIJJJ
AAAAAAAEEEEBBBBBBBBFHIJJJ
AAAAAAAEEEEBBBBBBBBFHIJJJ
CCCCCCCEEEEDDDDDDDDFHIJJJ
CCCCCCCEEEEDDDDDDDDFHIJJJ
CCCCCCCEEEEDDDDDDDDFHIJJJ
CCCCCCCEEEEDDDDDDDDFHIJJJ
CCCCCCCEEEEDDDDDDDDFHIJJJ
CCCCCCCEEEEDDDDDDDDFHIJJJ
CCCCCCCEEEEDDDDDDDDFHIJJJ
CCCCCCCEEEEDDDDDDDDFHIJJJ
CCCCCCCEEEEDDDDDDDDFHIJJJ
CCCCCCCEEEEDDDDDDDDFHIJJJ
CCCCCCCEEEEDDDDDDDDFHIJJJ
CCCCCCCEEEEDDDDDDDDGHIJJJ
CCCCCCCEEEEDDDDDDDDGHIJJJ
CCCCCCCEEEEDDDDDDDDGHIJJJ
CCCCCCCEEEEDDDDDDDDGHIJJJ
CCCCCCCEEEEDDDDDDDDGHIJJJ
CCCCCCCEEEEDDDDDDDDGHIJJJ
CCCCCCCEEEEDDDDDDDDGHIJJJ
CCCCCCCEEEEDDDDDDDDGHIJJJ
CCCCCCCEEEEDDDDDDDDGHIJJJ
Case #86:
ZZZPBHNWSSSVVVRAGGKMMMEED
ZZZPBHIWSSSVVVRAXXKMMMEED
ZZZPBHIWSSSVVVRAXXKMMMEED
ZZZPBHIWSSSVVVRAXXKMMMEED
ZZZPBYIWSSSVVVRAXXKMMMEED
ZZZPBYIWUUUVVVRAXXKMMMEED
ZZZPBLIWUUUVVVRAXXKMMMEED
ZZZPBLIWUUUVVVRAXXKQQQEED
ZZZPBLIWUUUVVVRAXXKQQQEED
ZZZPBLIWUUUVVVRAXXKQQQEED
ZZZPBLIWUUUVVVRAXXKQQQEED
ZZZPBLIWUUUVVVRAXXKQQQEED
ZZZPBLICUUUVVVOAXXFQQQEED
ZZZJBTICUUUVVVOAXXFQQQEED
ZZZJBTICUUUVVVOAXXFQQQEED
ZZZJBTICUUUVVVOAXXFQQQEED
ZZZJBTICUUUVVVOAXXFQQQEED
ZZZJBTICUUUVVVOAXXFQQQEED
ZZZJBTICUUUVVVOAXXFQQQEED
ZZZJBTICUUUVVVOAXXFQQQEED
ZZZJBTICUUUVVVOAXXFQQQEED
ZZZJBTICUUUVVVOAXXFQQQEED
ZZZJBTICUUUVVVOAXXFQQQEED
ZZZJBTICUUUVVVOAXXFQQQEED
ZZZJBTICUUUVVVOAXXFQQQEED
Case #87:
KKBBAFEEDLLLLLGGGMMMJIIHC
Case #88:
CNDUGJFYYTIBKSWWQQQEEXXZZ
CNDUGJFYYTIBKSWWQQQOOXXZZ
MNDUGJFYYTIBKSWWQQQOOXXZZ
MNDUGJFYYTIBKSWWQQQOOXXZZ
MNDUGRFYYLIBKSWWQQQOOXXZZ
MNDUGRFYYLIBKSWWQQQOOXXZZ
MNDUGRFYYLIBKSWWQQQOOXXZZ
MNDUGRFYYLIBKSWWQQQOOXXZZ
MNDUGRAYYLIBKSWWQQQOOXXZZ
MNDUGRAYYLIBKSWWQQQOOXXZZ
MNDUGRAYYLIBKSWWQQQOOXXZZ
MNDUGRAYYLIBKSWWQQQOOXXZZ
MNDUGRAYYLIBKSWWQQQOOVVZZ
MNDUGRAYYLIBKSWWQQQOOVVZZ
MNDUGRAYYLIBKSWWQQQOOVVZZ
MNDUGRAYYLIBKSWWQQQOOVVZZ
MNDUGRAYYLIBKSWWQQQOOVVZZ
MNDUGRAYYLIBKSWWQQQOOVVZZ
MNDUGRAYYLIBKSWWQQQOOVVZZ
MNDUGRAYYLIBKSWWQQQOOVVZZ
MNDUGRPYYLIBKSWWQQQOOVVZZ
MNDUGRPYYLHBKSWWQQQOOVVZZ
MNDUGRPYYLHBKSWWQQQOOVVZZ
MNDUGRPYYLHBKSWWQQQOOVVZZ
MNDUGRPYYLHBKSWWQQQOOVVZZ
Case #89:
AAADHSENIQTGGROBVZWKMMJJJ
AAADHSENIQTGGROBVZWKMMJJJ
AAADHSENIQTGGROBVZWKMMJJJ
AAADHSENIQTGGROBVZWKMMLLL
AAADHSENIQTGGROBVZWKMMLLL
AAADHSENIQTGGROBVZWKMMLLL
AAADHSENIQTGGRPBVZWKMMLLL
AAADHSENIQTGGRPBVZWKMMLLL
AAADHSENXQTGGRPBVZWKMMLLL
AAADHSENFQTGGRPBVZWKMMLLL
AAADHSENFQTGGRPBVZWKMMLLL
AAADYSENFQTGGRPBVZWKMMLLL
AAADYSENFQTGGRPBVZWKMMLLL
AAADYSENFQTGGRPBVZWKMMLLL
AAADYSENFQTGGRPBVZWKMMLLL
AAADYSENFQTGGRPBVZWKMMLLL
AAADYSENFCTGGRPBVZWKMMLLL
AAADYSENFCTGGRPBVZWKMMLLL
AAADYSENFCTGGRPBVZWKMMLLL
AAADYSENFCTGGRPBVZWKMMLLL
AAADYSENFCTGGRPBVZWKMMLLL
AAADYSENFCTGGUPBVZWKMMLLL
AAADYSENFCTGGUPBVZWKMMLLL
AAADYSENFCTGGUPBVZWKMMLLL
AAADYSENFCTGGUPBVZWKMMLLL
Case #90:
AABBC
AABBC
AABBC
Case #91:
AAAAAAAAAACDEEEEEEEEEEEEE
AAAAAAAAAACDEEEEEEEEEEEEE
AAAAAAAAAACDEEEEEEEEEEEEE
AAAAAAAAAACDEEEEEEEEEEEEE
AAAAAAAAAACDEEEEEEEEEEEEE
AAAAAAAAAACDEEEEEEEEEEEEE
AAAAAAAAAACDEEEEEEEEEEEEE
AAAAAAAAAACDEEEEEEEEEEEEE
AAAAAAAAAACDEEEEEEEEEEEEE
AAAAAAAAAACDEEEEEEEEEEEEE
AAAAAAAAAACDEEEEEEEEEEEEE
BBBBBBBBBBCDEEEEEEEEEEEEE
BBBBBBBBBBCDEEEEEEEEEEEEE
BBBBBBBBBBCDEEEEEEEEEEEEE
BBBBBBBBBBCDEEEEEEEEEEEEE
BBBBBBBBBBCDEEEEEEEEEEEEE
BBBBBBBBBBCDEEEEEEEEEEEEE
BBBBBBBBBBCDEEEEEEEEEEEEE
BBBBBBBBBBCDEEEEEEEEEEEEE
BBBBBBBBBBCDEEEEEEEEEEEEE
BBBBBBBBBBCDEEEEEEEEEEEEE
BBBBBBBBBBCDEEEEEEEEEEEEE
BBBBBBBBBBCDEEEEEEEEEEEEE
BBBBBBBBBBCDEEEEEEEEEEEEE
BBBBBBBBBBCDEEEEEEEEEEEEE
Case #92:
MMNNEPVFIIIKLGGWBACYROOOO
TTNNEPVFIIIKLGGWBACYROOOO
TTNNEPVFIIIKLGGWBACYROOOO
TTNNEPVFIIIKLGGWBACYROOOO
TTNNEPVFIIIKLGGWBACYROOOO
TTNNEPVFIIIKLGGWBACYROOOO
TTNNEPVFIIIKLGGWBACYROOOO
DDNNEPVFIIIKLGGWBACYROOOO
DDNNEPVFIIIKLGGWBACYROOOO
DDNNEPVFIIIZLGGWJACYROOOO
DDNNEPVFIIIZLGGWJACYROOOO
DDNNEPVFIIIZLGGWJACYROOOO
DDNNEPVFIIIZLGGWJACYROOOO
DDNNESVFIIIZLGGWJACYROOOO
DDNNESVFIIIZLGGWJACYROOOO
DDNNESVFIIIHLGGWJACYROOOO
DDNNESVFIIIHLGGWJACYROOOO
DDNNESVFIIIHLGGWJAUYROOOO
DDNNESVFIIIHQGGWJAUYROOOO
DDNNESVFIIIHQGGWJAUYROOOO
DDNNESVFIIIHQGGWJAUYROOOO
DDNNESVFIIIXQGGWJAUYROOOO
DDNNESVFIIIXQGGWJAUYROOOO
DDNNESVFIIIXQGGWJAUYROOOO
DDNNESVFIIIXQGGWJAUYROOOO
Case #93:
AAAAAAAAAAAAAAAAAAAAEEEEB
AAAAAAAAAAAAAAAAAAAAEEEEB
AAAAAAAAAAAAAAAAAAAAEEEEB
AAAAAAAAAAAAAAAAAAAAEEEEB
AAAAAAAAAAAAAAAAAAAAEEEEB
AAAAAAAAAAAAAAAAAAAAEEEEB
AAAAAAAAAAAAAAAAAAAAEEEEB
AAAAAAAAAAAAAAAAAAAAEEEEB
AAAAAAAAAAAAAAAAAAAAEEEEB
AAAAAAAAAAAAAAAAAAAAEEEEB
AAAAAAAAAAAAAAAAAAAAEEEEB
AAAAAAAAAAAAAAAAAAAAEEEEB
AAAAAAAAAAAAAAAAAAAAEEEEB
AAAAAAAAAAAAAAAAAAAAEEEEB
AAAAAAAAAAAAAAAAAAAAEEEEB
CCCCCCCCCCCCCCCCCCCCEEEED
CCCCCCCCCCCCCCCCCCCCEEEED
CCCCCCCCCCCCCCCCCCCCEEEED
CCCCCCCCCCCCCCCCCCCCEEEED
CCCCCCCCCCCCCCCCCCCCEEEED
CCCCCCCCCCCCCCCCCCCCEEEED
CCCCCCCCCCCCCCCCCCCCEEEED
CCCCCCCCCCCCCCCCCCCCEEEED
CCCCCCCCCCCCCCCCCCCCEEEED
CCCCCCCCCCCCCCCCCCCCEEEED
Case #94:
IIIMMCNWWOBUURDDXLLKTGGGH
IIIMMCNWWOBUURDDXLLKTGGGH
IIIMMCNWWOBUURDDXLLKTGGGH
IIIMMCNWWOBUURDDXLLKTGGGZ
IIIMMCNJJOBUURDDXLLKTGGGZ
IIIMMCNJJOBUURDDXLLKEGGGZ
IIIMMCNJJOBUURDDXLLKEGGGZ
IIIMMCPJJOBUURDDXLLKEGGGZ
IIIMMCPJJOBUURDDXLLKVGGGZ
IIIMMCPJJOBUURDDXLLKVGGGZ
IIIMMCPJJOBUURDDXLLKVYYYZ
IIIMMCPJJOBUUQDDXLLKVYYYZ
IIIMMCPJJOBUUQDDXLLKVYYYZ
IIIMMCPJJOBUUQDDXLLKVYYYZ
IIIMMCPJJOBUUQDDXLLKVYYYZ
IIIMMCPJJOBUUQDDXLLKVYYYZ
IIIMMCPJJOBUUQDDXLLKVYYYZ
IIIMMCPJJOBUUQDDXLLKVYYYZ
IIIMMCPJJOBUUADDXLLKVYYYZ
IIIMMCPSSOBUUADDXLLKVYYYZ
IIIMMCPSSOBUUAFFXLLKVYYYZ
IIIMMCPSSOBUUAFFXLLKVYYYZ
IIIMMCPSSOBUUAFFXLLKVYYYZ
IIIMMCPSSOBUUAFFXLLKVYYYZ
IIIMMCPSSOBUUAFFXLLKVYYYZ
Case #95:
YYKPJJMEEEDDDGFZTLBBBWIQQ
YYKPJJMEEEDDDGFZTLBBBWIQQ
YYKPJJMEEEDDDGFZTLRRRWIQQ
YYKPJJMEEEDDDGFZTLRRRWIQQ
YYKPJJMEEEDDDGFZTLRRRWIQQ
YYKPJJMEEEDDDGFZTARRRWIQQ
YYKPJJMEEEDDDGFZTARRRWIQQ
YYKPJJMEEEDDDGFZTARRRWIQQ
YYKPJJMEEEDDDGFZTARRRWIQQ
YYKPJJMEEEDDDGFZTARRRWINN
YYKPJJMEEEDDDGFZTARRRWINN
YYKPJJMEEEDDDGFZTARRRWINN
YYKPJJMEEEUUUGFSTARRRWINN
YYKPJJXEEEUUUGFSTARRRWINN
YYKPJJXEEEUUUGFSVARRRWINN
YYKPJJXEEEUUUGFSVARRRWINN
YYKPJJXEEEUUUGFSVARRRWINN
YYKPJJXEEEUUUGFSVARRRWINN
YYKPJJCEEEUUUGFSVARRRWINN
YYKPJJCEEEUUUGFSVARRRWINN
OOKPJJCEEEUUUGFSVARRRWINN
OOKPJJCEEEUUUGFSVARRRWINN
OOKPJJCEEEUUUGHSVARRRWINN
OOKPJJCEEEUUUGHSVARRRWINN
OOKPJJCEEEUUUGHSVARRRWINN
Case #96:
WHHLADDYMGGRRTTPJIUQQKEBF
WHHLADDYMGGRRTTPJIUQQKEBF
WHHLADDYMGGRRTTPJIUQQKEBF
WHHLADDYMGGRRTTPJIUQQKEBF
WHHLADDYMGGRRTTPJIUXXKEBF
CHHLADDYMGGRRTTPJIUXXKEBF
CHHLADDYMGGRRTTPJIUXXKEBF
CHHLADDYMGGRRTTPOIUXXKEBF
CHHLADDYMGGRRTTPOIUXXKEBF
CHHLADDYMGGRRTTNOIUVVKEBF
CHHLADDYMGGRRTTNOIUVVKEBF
CHHLADDYMGGRRTTNOIUVVKEBF
CHHLADDYMGGRRTTNOIUVVKEBF
CZZLADDYMGGRRTTNOIUVVKEBF
CZZLADDYMGGRRTTNOIUVVKEBF
CZZLADDYMGGRRTTNOIUVVKEBF
CZZLADDYMGGRRTTNOIUVVKEBF
CZZLADDYMGGRRTTNOIUVVKEBF
CSSLADDYMGGRRTTNOIUVVKEBF
CSSLADDYMGGRRTTNOIUVVKEBF
CSSLADDYMGGRRTTNOIUVVKEBF
CSSLADDYMGGRRTTNOIUVVKEBF
CSSLADDYMGGRRTTNOIUVVKEBF
CSSLADDYMGGRRTTNOIUVVKEBF
CSSLADDYMGGRRTTNOIUVVKEBF
Case #97:
AEEESSQNMMCOOPPGGBFYYWXU
VEEESSQNMMROOPPGGBFYYWXU
VEEEJJQNMMROOPPGGBFYYWIU
VEEEJJQNMMROOPPGGBFYYDIU
VEEEJJQNMMROOPPGGBFKKDIU
VEEEJJQNMMROOPPGGBFKKDIU
VEEEJJQNMMROOPPGGBFKKDIU
VEEEJJQNMMROOPPGGBFKKDIU
VEEEJJQNMMROOPPGGBFKKDIU
VEEEJJQNMMROOPPGGBFKKDIU
VEEEJJQNMMROOPPGGBFKKDIU
VEEEJJQNHHROOPPGGBFKKDIU
VEEEJJQNHHROOPPGGBFKKDIU
VEEEJJQNHHROOPPGGBFKKDIU
VEEEJJQNHHROOPPGGBFKKDIU
VEEEJJQNHHROOPPGGBFKKDIU
VEEEJJQNHHROOPPGGBFKKDIU
VEEEJJQNHHROOPPGGBFKKDIU
VEEEJJQNHHROOPPGGBFKKDIU
VEEEJJQNHHROOPPGGBFLLDIU
VEEEJJQNHHROOPPGGBFTTDIU
VEEEJJQNHHROOPPGGBFTTDIU
VEEEJJQNHHROOPPGGBFTTDIU
VEEEJJQNHHROOPPGGBFTTDIU
VEEEJJQNHHROOPPGGBFTTDIU
Case #98:
HWWCDLLLLEBZTMOSSSXQJKKGG
HUUCDLLLLEBZTMOSSSXQJKKGG
HUUCDLLLLEBNTMOSSSXQYKKGG
HUUCDLLLLEBNTMOSSSFQYKKGG
HUUADLLLLEBNTMOSSSVQYKKGG
HUUADLLLLEBNTMOSSSVQYKKGG
HUUADLLLLEBNTMOSSSVQYKKGG
HUUADLLLLEBNTMOSSSVQPKKGG
HUUADLLLLEBNTMOSSSVQPKKGG
RUUADLLLLEBNTMOSSSVQPKKGG
RUUADLLLLEBNTMOSSSVQPKKGG
RUUADLLLLEBNTMOSSSVQPKKGG
RUUADLLLLEBNTMOSSSVQPKKGG
RUUADLLLLEBNTMOSSSVQPKKGG
RUUADLLLLEBNTMOSSSVIPKKGG
RUUADLLLLEBNTMOSSSVIPKKGG
RUUADLLLLEBNTMOSSSVIPKKGG
RUUADLLLLEBNTMOSSSVIPKKGG
RUUADLLLLEBNTMOSSSVIPKKGG
RUUADLLLLEBNTMOSSSVIPKKGG
RUUADLLLLEBNTMOSSSVIPKKGG
RUUADLLLLEBNTMOSSSVIPKKGG
RUUADLLLLEBNTMOSSSVIPKKGG
RUUADLLLLEBNTMOSSSVIPKKGG
RUUADLLLLEBNTMOSSSVIPKKGG
Case #99:
B
F
G
G
G
I
I
H
H
H
H
C
C
A
K
M
E
E
E
J
L
L
D
D
D
Case #100:
TTTTTTTTTTBEPKUODYYSSWWWW
TTTTTTTTTTBEPKUODYYSSWWWW
TTTTTTTTTTBEPKUODYYSSWWWW
TTTTTTTTTTBEPMXODYYSSWWWW
TTTTTTTTTTBEQMXODYYSSWWWW
TTTTTTTTTTBEQMXODYYSSWWWW
TTTTTTTTTTBEQJXODYYSSWWWW
CCCCCCCCCCBERJXOVYYSSIIII
CCCCCCCCCCBERJXONYYZZIIII
CCCCCCCCCCBERJXONYYZZIIII
CCCCCCCCCCBERJXOHYYZZIIII
CCCCCCCCCCBGRJXOHAAZZIIII
CCCCCCCCCCBGRJXLHAAZZIIII
CCCCCCCCCCBGRJXFHAAZZIIII
CCCCCCCCCCBGRJXFHAAZZIIII
CCCCCCCCCCBGRJXFHAAZZIIII
CCCCCCCCCCBGRJXFHAAZZIIII
CCCCCCCCCCBGRJXFHAAZZIIII
CCCCCCCCCCBGRJXFHAAZZIIII
CCCCCCCCCCBGRJXFHAAZZIIII
CCCCCCCCCCBGRJXFHAAZZIIII
CCCCCCCCCCBGRJXFHAAZZIIII
CCCCCCCCCCBGRJXFHAAZZIIII
CCCCCCCCCCBGRJXFHAAZZIIII
CCCCCCCCCCBGRJXFHAAZZIIII
