Case #1: 23 24
Case #2: 54 1848
Case #3: 42 1266
Case #4: 33 384
Case #5: 48 2724
Case #6: 14 6
Case #7: 36 876
Case #8: 10 2
Case #9: 48 25584
Case #10: 59 3456
Case #11: 46 876
Case #12: 11 1
Case #13: 28 216
Case #14: 29 6840
Case #15: 21 276
Case #16: 20 6
Case #17: 47 648
Case #18: 51 1806
Case #19: 22 16
Case #20: 29 1104
Case #21: 2 1
Case #22: 26 18
Case #23: 5 1
Case #24: 28 576
Case #25: 36 1560
Case #26: 32 216
Case #27: 52 2724
Case #28: 37 876
Case #29: 27 6840
Case #30: 41 4608
Case #31: 21 6
Case #32: 44 5520
Case #33: 42 1320
Case #34: 5 2
Case #35: 84 11232
Case #36: 53 216
Case #37: 27 540
Case #38: 34 540
Case #39: 84 40824
Case #40: 39 876
Case #41: 39 1104
Case #42: 42 40824
Case #43: 36 14544
Case #44: 35 390
Case #45: 18 6
Case #46: 49 1266
Case #47: 37 1320
Case #48: 24 6
Case #49: 43 5796
Case #50: 12 2
Case #51: 15 1
Case #52: 30 384
Case #53: 43 2724
Case #54: 18 6
Case #55: 40 216
Case #56: 11 1
Case #57: 9 1
Case #58: 14 6
Case #59: 33 1320
Case #60: 3 1
Case #61: 40 1320
Case #62: 23 114
Case #63: 10 8
Case #64: 36 108
Case #65: 83 3456
Case #66: 84 2304
Case #67: 18 6
Case #68: 42 254
Case #69: 36 36
Case #70: 53 20064
Case #71: 14 36
Case #72: 20 6
Case #73: 44 40824
Case #74: 9 1
Case #75: 17 128
Case #76: 28 24
Case #77: 45 1266
Case #78: 2 1
Case #79: 19 6
Case #80: 30 6144
Case #81: 24 24
Case #82: 25 576
Case #83: 34 876
Case #84: 7 30
Case #85: 30 240
Case #86: 32 390
Case #87: 24 1458
Case #88: 64 40824
Case #89: 45 1320
Case #90: 20 6
Case #91: 41 2916
Case #92: 44 40824
Case #93: 38 276
Case #94: 30 6144
Case #95: 17 6
Case #96: 64 6840
Case #97: 33 390
Case #98: 45 876
Case #99: 38 540
Case #100: 33 6840
