Case #1: AB AB
Case #2: A A B C A BC
Case #3: C A BC
Case #4: B A B A BC
Case #5: C B C B C A BC
Case #6: AB AB AB AB
Case #7: B A BC
Case #8: C A C A C A BC
Case #9: A A C A BC
Case #10: AB
Case #11: B B C A BC
Case #12: C A C A BC
Case #13: B A B A B A BC
Case #14: A A B A BC
Case #15: A A C A B C A BC
Case #16: A BC
Case #17: A B C A B C A BC
Case #18: B B C B C A BC
Case #19: A B A B A BC
Case #20: C C A B C A BC
Case #21: C B C A B C A BC
Case #22: A C A BC
Case #23: A A A B C A BC
Case #24: A C A C A C A BC
Case #25: A A B A B C A BC
Case #26: A A C A C A BC
Case #27: A B C A BC
Case #28: C A C A B C A BC
Case #29: AB AB AB
Case #30: A C A B C A BC
Case #31: B C A BC
Case #32: B B C A B C A BC
Case #33: B C B C A BC
Case #34: A C A C A BC
Case #35: B A B A B C A BC
Case #36: B A B C A BC
Case #37: A B A B A B A BC
Case #38: B C A B C A BC
Case #39: A A BC
Case #40: C B C A BC
Case #41: A A B A B A BC
Case #42: A B A BC
Case #43: B B A B C A BC
Case #44: A B A B C A BC
Case #45: C A B C A BC
Case #46: B C B C B C A BC
