Case #1:
10000000000000000000000000000001 3 2 5 2 7 2 3 2 11
10100000000000000000000000000001 7 13 3 31 43 3 73 7 3
11100000000000000000000000000001 3 2 5 2 7 2 3 2 11
10110000000000000000000000000001 3 2 5 2 7 2 3 2 11
11001000000000000000000000000001 3 2 5 2 7 2 3 2 11
10011000000000000000000000000001 3 2 5 2 7 2 3 2 7
10111000000000000000000000000001 5 11 11 11 5 5 31 11 29
11111000000000000000000000000001 3 2 3 2 7 2 3 2 3
10000100000000000000000000000001 7 13 3 11 43 3 73 7 3
10100100000000000000000000000001 3 2 5 2 7 2 3 2 11
11110100000000000000000000000001 5 2 3 2 17 2 5 2 3
10001100000000000000000000000001 3 2 5 2 7 2 3 2 11
11101100000000000000000000000001 3 2 3 2 7 2 3 2 3
11011100000000000000000000000001 13 2 3 2 53 2 17 2 3
10111100000000000000000000000001 3 2 3 2 7 2 3 2 3
11000010000000000000000000000001 3 2 5 2 7 2 3 2 11
10010010000000000000000000000001 3 2 5 2 7 2 3 2 11
11110010000000000000000000000001 3 2 3 2 7 2 3 2 3
11101010000000000000000000000001 5 2 3 2 37 2 5 2 3
11011010000000000000000000000001 3 2 3 2 7 2 3 2 3
10111010000000000000000000000001 17 2 3 2 19 2 11 2 3
10000110000000000000000000000001 3 2 5 2 7 2 3 2 11
11100110000000000000000000000001 3 2 3 2 7 2 3 2 3
11010110000000000000000000000001 5 2 3 2 37 2 5 2 3
10110110000000000000000000000001 3 2 3 2 7 2 3 2 3
11001110000000000000000000000001 3 2 3 2 7 2 3 2 3
10101110000000000000000000000001 5 2 3 2 37 2 5 2 3
10011110000000000000000000000001 3 2 3 2 7 2 3 2 3
11111110000000000000000000000001 3 2 5 2 7 2 3 2 11
10100001000000000000000000000001 3 2 5 2 7 2 3 2 11
10001001000000000000000000000001 3 2 5 2 7 2 3 2 11
11101001000000000000000000000001 3 2 3 2 7 2 3 2 3
10111001000000000000000000000001 3 2 3 2 7 2 3 2 3
11100101000000000000000000000001 5 2 3 2 37 2 5 2 3
10110101000000000000000000000001 7 2 3 2 43 2 41 2 3
10101101000000000000000000000001 3 2 3 2 7 2 3 2 3
10000011000000000000000000000001 3 2 5 2 7 2 3 2 11
11100011000000000000000000000001 3 2 3 2 7 2 3 2 3
11010011000000000000000000000001 11 2 3 2 19 2 31 2 3
10110011000000000000000000000001 3 2 3 2 7 2 3 2 3
11001011000000000000000000000001 3 2 3 2 7 2 3 2 3
10011011000000000000000000000001 3 2 3 2 7 2 3 2 3
11111011000000000000000000000001 3 2 5 2 7 2 3 2 11
11000111000000000000000000000001 5 2 3 2 37 2 5 2 3
10100111000000000000000000000001 3 2 3 2 7 2 3 2 3
10001111000000000000000000000001 3 2 3 2 7 2 3 2 3
11101111000000000000000000000001 3 2 5 2 7 2 3 2 11
11011111000000000000000000000001 7 2 37 2 11 2 23 2 7
10111111000000000000000000000001 3 2 5 2 7 2 3 2 11
10000000100000000000000000000001 7 5 3 31 23 3 5 7 3
11000000100000000000000000000001 3 2 5 2 7 2 3 2 11
10010000100000000000000000000001 3 2 5 2 7 2 3 2 11
11110000100000000000000000000001 3 2 3 2 7 2 3 2 3
11011000100000000000000000000001 3 2 3 2 7 2 3 2 3
10111000100000000000000000000001 7 2 3 2 43 2 73 2 3
10000100100000000000000000000001 3 2 5 2 7 2 3 2 11
11100100100000000000000000000001 3 2 3 2 7 2 3 2 3
11010100100000000000000000000001 7 2 3 2 43 2 73 2 3
10110100100000000000000000000001 3 2 3 2 7 2 3 2 3
11001100100000000000000000000001 3 2 3 2 7 2 3 2 3
10101100100000000000000000000001 11 2 3 2 13 2 29 2 3
10011100100000000000000000000001 3 2 3 2 7 2 3 2 3
11111100100000000000000000000001 3 2 5 2 7 2 3 2 11
11100010100000000000000000000001 5 2 3 2 13 2 5 2 3
11010010100000000000000000000001 3 2 3 2 7 2 3 2 3
10101010100000000000000000000001 7 2 3 2 43 2 43 2 3
11000110100000000000000000000001 3 2 3 2 7 2 3 2 3
10100110100000000000000000000001 5 2 3 2 37 2 5 2 3
10010110100000000000000000000001 3 2 3 2 7 2 3 2 3
11110110100000000000000000000001 3 2 5 2 7 2 3 2 11
10001110100000000000000000000001 7 2 3 2 43 2 73 2 3
11011110100000000000000000000001 3 2 5 2 7 2 3 2 11
11111110100000000000000000000001 7 13 3 11 11 3 73 7 3
10000001100000000000000000000001 3 2 5 2 7 2 3 2 11
11100001100000000000000000000001 3 2 3 2 7 2 3 2 3
10110001100000000000000000000001 3 2 3 2 7 2 3 2 3
11001001100000000000000000000001 3 2 3 2 7 2 3 2 3
10011001100000000000000000000001 3 2 3 2 7 2 3 2 3
11111001100000000000000000000001 3 2 5 2 7 2 3 2 11
10100101100000000000000000000001 3 2 3 2 7 2 3 2 3
10010101100000000000000000000001 7 2 3 2 13 2 73 2 3
10001101100000000000000000000001 3 2 3 2 7 2 3 2 3
11101101100000000000000000000001 3 2 5 2 7 2 3 2 11
10111101100000000000000000000001 3 2 5 2 7 2 3 2 11
11000011100000000000000000000001 3 2 3 2 7 2 3 2 3
10100011100000000000000000000001 7 2 3 2 43 2 73 2 3
10010011100000000000000000000001 3 2 3 2 7 2 3 2 3
11110011100000000000000000000001 3 2 5 2 7 2 3 2 11
11011011100000000000000000000001 3 2 5 2 7 2 3 2 11
10000111100000000000000000000001 3 2 3 2 7 2 3 2 3
11100111100000000000000000000001 3 2 5 2 7 2 3 2 7
10110111100000000000000000000001 3 2 5 2 7 2 3 2 11
11110111100000000000000000000001 7 13 3 19 19 3 73 7 3
11001111100000000000000000000001 3 2 5 2 7 2 3 2 11
10011111100000000000000000000001 3 2 5 2 7 2 3 2 11
10111111100000000000000000000001 5 13 3 31 43 3 73 7 3
11111111100000000000000000000001 3 2 5 2 5 2 3 2 11
10100000010000000000000000000001 3 2 5 2 7 2 3 2 11
10110000010000000000000000000001 31 11 11 11 5 17 31 11 41
11110000010000000000000000000001 5 2 3 2 37 2 5 2 3
10001000010000000000000000000001 3 2 5 2 7 2 3 2 7
11101000010000000000000000000001 3 2 3 2 7 2 3 2 3
10111000010000000000000000000001 3 2 3 2 7 2 3 2 3
11100100010000000000000000000001 7 2 3 2 43 2 73 2 3
10010100010000000000000000000001 3 7 13 3 5 43 3 73 7
11010100010000000000000000000001 19 2 3 2 19 2 97 2 3
10110100010000000000000000000001 5 2 3 2 37 2 5 2 3
10101100010000000000000000000001 3 2 3 2 7 2 3 2 3
10011100010000000000000000000001 17 2 3 2 13 2 17 2 3
11011100010000000000000000000001 3 7 13 3 31 5 3 73 7
10000010010000000000000000000001 3 2 5 2 7 2 3 2 11
11100010010000000000000000000001 3 2 3 2 7 2 3 2 3
11010010010000000000000000000001 5 2 3 2 13 2 5 2 3
10110010010000000000000000000001 3 2 3 2 7 2 3 2 3
11001010010000000000000000000001 3 2 3 2 7 2 3 2 3
10101010010000000000000000000001 5 2 3 2 37 2 5 2 3
10011010010000000000000000000001 3 2 3 2 7 2 3 2 3
11111010010000000000000000000001 3 2 5 2 7 2 3 2 11
10100110010000000000000000000001 3 2 3 2 7 2 3 2 3
10010110010000000000000000000001 5 2 3 2 17 2 5 2 3
10001110010000000000000000000001 3 2 3 2 7 2 3 2 3
11101110010000000000000000000001 3 2 5 2 7 2 3 2 11
10111110010000000000000000000001 3 2 5 2 7 2 3 2 7
11100001010000000000000000000001 5 2 3 2 11 2 5 2 3
10010001010000000000000000000001 3 11 7 3 5 5 3 11 17
10101001010000000000000000000001 3 2 3 2 7 2 3 2 3
10100101010000000000000000000001 5 2 3 2 37 2 5 2 3
11110101010000000000000000000001 5 2 17 2 37 2 5 2 7
11001101010000000000000000000001 3 31 7 3 11 5 3 11 17
10011101010000000000000000000001 3 5 13 3 31 43 3 53 7
11011101010000000000000000000001 7 2 59 2 13 2 11 2 61
11000011010000000000000000000001 5 2 3 2 37 2 5 2 3
10100011010000000000000000000001 3 2 3 2 7 2 3 2 3
10001011010000000000000000000001 3 2 3 2 7 2 3 2 3
11101011010000000000000000000001 3 2 5 2 7 2 3 2 11
10111011010000000000000000000001 3 2 5 2 7 2 3 2 11
10000111010000000000000000000001 5 2 3 2 29 2 5 2 3
11100111010000000000000000000001 19 2 11 2 23 2 53 2 13
11010111010000000000000000000001 5 2 7 2 37 2 5 2 17
10101111010000000000000000000001 3 2 5 2 7 2 3 2 11
10000000110000000000000000000001 3 2 5 2 7 2 3 2 11
10100000110000000000000000000001 23 11 11 7 5 67 31 11 23
11100000110000000000000000000001 3 2 3 2 7 2 3 2 3
10110000110000000000000000000001 3 2 3 2 7 2 3 2 3
11001000110000000000000000000001 3 2 3 2 7 2 3 2 3
10101000110000000000000000000001 7 2 3 2 43 2 11 2 3
10011000110000000000000000000001 3 2 3 2 7 2 3 2 3
11111000110000000000000000000001 3 2 5 2 7 2 3 2 11
11000100110000000000000000000001 7 2 3 2 43 2 73 2 3
10100100110000000000000000000001 3 2 3 2 7 2 3 2 3
10001100110000000000000000000001 3 2 3 2 7 2 3 2 3
11101100110000000000000000000001 3 2 5 2 7 2 3 2 11
10111100110000000000000000000001 3 2 5 2 7 2 3 2 11
11111100110000000000000000000001 5 13 3 31 43 3 73 7 3
11000010110000000000000000000001 3 2 3 2 7 2 3 2 3
10100010110000000000000000000001 5 2 3 2 37 2 5 2 3
10010010110000000000000000000001 3 2 3 2 7 2 3 2 3
11110010110000000000000000000001 3 2 5 2 7 2 3 2 11
11011010110000000000000000000001 3 2 5 2 7 2 3 2 11
10000110110000000000000000000001 3 2 3 2 7 2 3 2 3
11100110110000000000000000000001 3 2 5 2 7 2 3 2 11
10110110110000000000000000000001 3 2 5 2 7 2 3 2 11
11110110110000000000000000000001 11 7 3 11 59 3 17 31 3
11001110110000000000000000000001 3 2 5 2 7 2 3 2 11
11101110110000000000000000000001 7 5 3 31 43 3 5 7 3
10011110110000000000000000000001 3 2 5 2 7 2 3 2 7
11111110110000000000000000000001 3 2 5 2 5 2 3 2 11
11000001110000000000000000000001 67 2 3 2 17 2 97 2 3
10100001110000000000000000000001 3 2 3 2 7 2 3 2 3
10010001110000000000000000000001 19 2 3 2 61 2 11 2 3
10001001110000000000000000000001 3 2 3 2 7 2 3 2 3
11101001110000000000000000000001 3 2 5 2 7 2 3 2 11
10111001110000000000000000000001 3 2 5 2 7 2 3 2 11
10000101110000000000000000000001 7 2 3 2 43 2 73 2 3
11110101110000000000000000000001 3 13 3 3 43 3 3 7 3
10101101110000000000000000000001 3 2 5 2 7 2 3 2 11
10111101110000000000000000000001 7 5 3 23 17 3 5 7 3
11111101110000000000000000000001 31 2 11 2 5 2 31 2 41
10000011110000000000000000000001 3 2 3 2 7 2 3 2 3
11100011110000000000000000000001 3 2 5 2 7 2 3 2 11
10110011110000000000000000000001 3 2 5 2 7 2 3 2 11
11001011110000000000000000000001 3 2 5 2 7 2 3 2 11
10011011110000000000000000000001 3 2 5 2 7 2 3 2 11
11111011110000000000000000000001 3 2 5 2 5 2 3 2 11
10100111110000000000000000000001 3 2 5 2 7 2 3 2 11
11100111110000000000000000000001 7 13 3 31 11 3 73 7 3
11110111110000000000000000000001 5 2 13 2 5 2 5 2 43
10001111110000000000000000000001 3 2 5 2 7 2 3 2 11
10101111110000000000000000000001 7 13 3 31 43 3 17 7 3
11101111110000000000000000000001 3 2 5 2 5 2 3 2 11
10111111110000000000000000000001 3 2 5 2 5 2 3 2 11
11000000001000000000000000000001 3 2 5 2 7 2 3 2 11
10010000001000000000000000000001 3 2 5 2 7 2 3 2 7
11110000001000000000000000000001 3 2 3 2 7 2 3 2 3
10101000001000000000000000000001 3 7 13 3 5 29 3 17 7
11101000001000000000000000000001 5 2 3 2 37 2 5 2 3
11011000001000000000000000000001 3 2 3 2 7 2 3 2 3
10000100001000000000000000000001 3 2 5 2 7 2 3 2 11
11100100001000000000000000000001 3 2 3 2 7 2 3 2 3
11010100001000000000000000000001 5 2 3 2 37 2 5 2 3
10110100001000000000000000000001 3 2 3 2 7 2 3 2 3
11001100001000000000000000000001 3 2 3 2 7 2 3 2 3
10101100001000000000000000000001 5 2 3 2 37 2 5 2 3
10011100001000000000000000000001 3 2 3 2 7 2 3 2 3
11111100001000000000000000000001 3 2 5 2 7 2 3 2 7
11010010001000000000000000000001 3 2 3 2 7 2 3 2 3
11001010001000000000000000000001 5 2 3 2 13 2 5 2 3
10111010001000000000000000000001 3 5 13 3 31 43 3 73 7
11000110001000000000000000000001 3 2 3 2 7 2 3 2 3
10100110001000000000000000000001 7 2 3 2 43 2 73 2 3
10010110001000000000000000000001 3 2 3 2 7 2 3 2 3
11110110001000000000000000000001 3 2 5 2 7 2 3 2 11
10001110001000000000000000000001 5 2 3 2 19 2 5 2 3
11011110001000000000000000000001 3 2 5 2 7 2 3 2 11
10000001001000000000000000000001 3 2 5 2 7 2 3 2 11
11100001001000000000000000000001 3 2 3 2 7 2 3 2 3
10110001001000000000000000000001 3 2 3 2 7 2 3 2 3
11001001001000000000000000000001 3 2 3 2 7 2 3 2 3
10011001001000000000000000000001 3 2 3 2 7 2 3 2 3
11111001001000000000000000000001 3 2 5 2 7 2 3 2 11
11000101001000000000000000000001 5 2 3 2 17 2 5 2 3
10100101001000000000000000000001 3 2 3 2 7 2 3 2 3
10001101001000000000000000000001 3 2 3 2 7 2 3 2 3
11101101001000000000000000000001 3 2 5 2 7 2 3 2 11
10111101001000000000000000000001 3 2 5 2 7 2 3 2 7
11000011001000000000000000000001 3 2 3 2 7 2 3 2 3
10010011001000000000000000000001 3 2 3 2 7 2 3 2 3
11110011001000000000000000000001 3 2 5 2 7 2 3 2 11
11011011001000000000000000000001 3 2 5 2 7 2 3 2 11
10000111001000000000000000000001 3 2 3 2 7 2 3 2 3
11100111001000000000000000000001 3 2 5 2 7 2 3 2 11
10110111001000000000000000000001 3 2 5 2 7 2 3 2 11
11001111001000000000000000000001 3 2 5 2 7 2 3 2 11
10011111001000000000000000000001 3 2 5 2 7 2 3 2 11
11111111001000000000000000000001 3 2 5 2 5 2 3 2 11
11100000101000000000000000000001 5 2 3 2 37 2 5 2 3
11010000101000000000000000000001 3 2 3 2 7 2 3 2 3
10110000101000000000000000000001 7 2 3 2 43 2 23 2 3
10001000101000000000000000000001 3 5 13 3 5 43 3 37 7
11000100101000000000000000000001 3 2 3 2 7 2 3 2 3
10100100101000000000000000000001 5 2 3 2 37 2 5 2 3
10010100101000000000000000000001 3 2 3 2 7 2 3 2 3
11110100101000000000000000000001 3 2 5 2 7 2 3 2 11
10001100101000000000000000000001 23 2 3 2 11 2 43 2 3
10101100101000000000000000000001 3 7 13 3 31 17 3 73 7
11011100101000000000000000000001 3 2 5 2 7 2 3 2 7
11000010101000000000000000000001 5 2 3 2 37 2 5 2 3
10100010101000000000000000000001 7 2 3 2 43 2 73 2 3
10011010101000000000000000000001 3 7 11 3 31 5 3 73 7
10000110101000000000000000000001 5 2 3 2 17 2 5 2 3
11010110101000000000000000000001 3 2 5 2 7 2 3 2 11
11110110101000000000000000000001 7 13 3 31 43 3 73 7 3
10101110101000000000000000000001 5 2 17 2 37 2 5 2 29
10111110101000000000000000000001 3 7 3 3 31 3 3 7 3
11111110101000000000000000000001 5 2 17 2 5 2 5 2 17
11000001101000000000000000000001 3 2 3 2 7 2 3 2 3
10100001101000000000000000000001 29 2 3 2 17 2 37 2 3
10010001101000000000000000000001 3 2 3 2 7 2 3 2 3
11110001101000000000000000000001 3 2 5 2 7 2 3 2 11
11011001101000000000000000000001 3 2 5 2 7 2 3 2 11
10000101101000000000000000000001 3 2 3 2 7 2 3 2 3
11100101101000000000000000000001 3 2 5 2 7 2 3 2 11
10110101101000000000000000000001 3 2 5 2 7 2 3 2 11
11001101101000000000000000000001 3 2 5 2 7 2 3 2 11
10011101101000000000000000000001 3 2 5 2 7 2 3 2 7
11111101101000000000000000000001 3 2 5 2 5 2 3 2 11
11010011101000000000000000000001 3 2 5 2 7 2 3 2 11
11000111101000000000000000000001 3 2 5 2 7 2 3 2 11
10010111101000000000000000000001 3 2 5 2 7 2 3 2 11
10110111101000000000000000000001 7 5 3 19 13 3 5 7 3
11110111101000000000000000000001 3 2 5 2 5 2 3 2 11
11011111101000000000000000000001 3 2 5 2 5 2 3 2 11
10000000011000000000000000000001 3 2 5 2 7 2 3 2 7
11100000011000000000000000000001 3 2 3 2 7 2 3 2 3
11010000011000000000000000000001 5 2 3 2 37 2 5 2 3
10110000011000000000000000000001 3 2 3 2 7 2 3 2 3
11001000011000000000000000000001 3 2 3 2 7 2 3 2 3
10101000011000000000000000000001 5 2 3 2 17 2 5 2 3
10011000011000000000000000000001 3 2 3 2 7 2 3 2 3
11111000011000000000000000000001 3 2 5 2 7 2 3 2 11
10100100011000000000000000000001 3 2 3 2 7 2 3 2 3
10010100011000000000000000000001 5 2 3 2 19 2 5 2 3
11010100011000000000000000000001 3 7 13 3 31 43 3 73 7
10001100011000000000000000000001 3 2 3 2 7 2 3 2 3
11101100011000000000000000000001 3 2 5 2 7 2 3 2 7
10111100011000000000000000000001 3 2 5 2 7 2 3 2 11
11111100011000000000000000000001 67 37 3 23 53 3 11 89 3
11000010011000000000000000000001 3 2 3 2 7 2 3 2 3
10010010011000000000000000000001 3 2 3 2 7 2 3 2 3
11110010011000000000000000000001 3 2 5 2 7 2 3 2 11
10001010011000000000000000000001 5 2 3 2 37 2 5 2 3
10101010011000000000000000000001 3 7 13 3 31 11 3 11 7
11011010011000000000000000000001 3 2 5 2 7 2 3 2 7
10000110011000000000000000000001 3 2 3 2 7 2 3 2 3
11100110011000000000000000000001 3 2 5 2 7 2 3 2 11
10110110011000000000000000000001 3 2 5 2 7 2 3 2 7
11001110011000000000000000000001 3 2 5 2 7 2 3 2 11
10011110011000000000000000000001 3 2 5 2 7 2 3 2 11
11111110011000000000000000000001 3 2 5 2 5 2 3 2 7
11000001011000000000000000000001 5 2 3 2 37 2 5 2 3
10100001011000000000000000000001 3 2 3 2 7 2 3 2 3
10001001011000000000000000000001 3 2 3 2 7 2 3 2 3
11101001011000000000000000000001 3 2 5 2 7 2 3 2 11
10111001011000000000000000000001 3 2 5 2 7 2 3 2 11
10000101011000000000000000000001 5 2 3 2 37 2 5 2 3
10010101011000000000000000000001 3 7 13 3 31 13 3 19 7
11010101011000000000000000000001 5 2 17 2 37 2 5 2 19
10110101011000000000000000000001 19 2 11 2 13 2 17 2 59
10101101011000000000000000000001 3 2 5 2 7 2 3 2 7
11011101011000000000000000000001 3 7 3 3 19 3 3 73 3
10000011011000000000000000000001 3 2 3 2 7 2 3 2 3
11100011011000000000000000000001 3 2 5 2 7 2 3 2 11
10110011011000000000000000000001 3 2 5 2 7 2 3 2 11
11001011011000000000000000000001 3 2 5 2 7 2 3 2 11
10011011011000000000000000000001 3 2 5 2 7 2 3 2 7
11111011011000000000000000000001 3 2 5 2 5 2 3 2 11
10100111011000000000000000000001 3 2 5 2 7 2 3 2 11
11100111011000000000000000000001 13 5 3 7 19 3 5 11 3
11110111011000000000000000000001 43 2 53 2 5 2 23 2 17
10001111011000000000000000000001 3 2 5 2 7 2 3 2 11
11101111011000000000000000000001 3 2 5 2 5 2 3 2 11
10111111011000000000000000000001 3 2 5 2 5 2 3 2 7
11000000111000000000000000000001 3 2 3 2 7 2 3 2 3
10100000111000000000000000000001 5 2 3 2 19 2 5 2 3
10010000111000000000000000000001 3 2 3 2 7 2 3 2 3
11110000111000000000000000000001 3 2 5 2 7 2 3 2 11
11011000111000000000000000000001 3 2 5 2 7 2 3 2 11
10000100111000000000000000000001 3 2 3 2 7 2 3 2 3
11100100111000000000000000000001 3 2 5 2 7 2 3 2 11
10110100111000000000000000000001 3 2 5 2 7 2 3 2 11
11110100111000000000000000000001 7 13 3 31 23 3 73 7 3
11001100111000000000000000000001 3 2 5 2 7 2 3 2 7
10011100111000000000000000000001 3 2 5 2 7 2 3 2 11
10111100111000000000000000000001 7 13 3 31 43 3 73 7 3
11111100111000000000000000000001 3 2 5 2 5 2 3 2 11
10000010111000000000000000000001 5 2 3 2 11 2 5 2 3
11010010111000000000000000000001 3 2 5 2 7 2 3 2 11
10001010111000000000000000000001 3 7 13 3 31 43 3 73 7
11111010111000000000000000000001 5 2 17 2 5 2 5 2 43
11000110111000000000000000000001 3 2 5 2 7 2 3 2 11
11100110111000000000000000000001 5 13 3 29 43 3 23 7 3
10010110111000000000000000000001 3 2 5 2 7 2 3 2 7
11110110111000000000000000000001 3 2 5 2 5 2 3 2 11
10101110111000000000000000000001 3 7 3 3 31 3 3 7 3
11011110111000000000000000000001 3 2 5 2 5 2 3 2 7
10000001111000000000000000000001 3 2 3 2 7 2 3 2 3
11100001111000000000000000000001 3 2 5 2 7 2 3 2 11
10110001111000000000000000000001 3 2 5 2 7 2 3 2 11
11001001111000000000000000000001 3 2 5 2 7 2 3 2 11
10011001111000000000000000000001 3 2 5 2 7 2 3 2 11
11111001111000000000000000000001 3 2 5 2 5 2 3 2 11
10100101111000000000000000000001 3 2 5 2 7 2 3 2 11
10110101111000000000000000000001 7 13 3 31 43 3 61 7 3
10001101111000000000000000000001 3 2 5 2 7 2 3 2 7
11101101111000000000000000000001 3 2 5 2 5 2 3 2 11
10111101111000000000000000000001 3 2 5 2 5 2 3 2 11
11000011111000000000000000000001 3 2 5 2 7 2 3 2 11
10010011111000000000000000000001 3 2 5 2 7 2 3 2 11
11110011111000000000000000000001 3 2 5 2 5 2 3 2 11
11101011111000000000000000000001 5 2 7 2 5 2 5 2 7
11011011111000000000000000000001 3 2 5 2 5 2 3 2 11
10111011111000000000000000000001 31 2 11 2 5 2 31 2 41
10000111111000000000000000000001 3 2 5 2 7 2 3 2 11
10100111111000000000000000000001 7 11 3 31 17 3 73 7 3
11100111111000000000000000000001 3 2 5 2 5 2 3 2 11
10110111111000000000000000000001 3 2 5 2 5 2 3 2 11
11001111111000000000000000000001 3 2 5 2 5 2 3 2 11
10011111111000000000000000000001 3 2 5 2 5 2 3 2 7
11111111111000000000000000000001 3 2 3 2 7 2 3 2 3
10000000000100000000000000000001 5 13 3 31 43 3 59 7 3
10100000000100000000000000000001 3 2 5 2 7 2 3 2 11
11110000000100000000000000000001 7 2 3 2 43 2 31 2 3
10001000000100000000000000000001 3 2 5 2 7 2 3 2 11
11101000000100000000000000000001 3 2 3 2 7 2 3 2 3
10111000000100000000000000000001 3 2 3 2 7 2 3 2 3
11100100000100000000000000000001 5 2 3 2 37 2 5 2 3
11010100000100000000000000000001 7 2 3 2 43 2 47 2 3
11001100000100000000000000000001 17 2 3 2 11 2 17 2 3
10101100000100000000000000000001 3 2 3 2 7 2 3 2 3
10011100000100000000000000000001 7 2 3 2 43 2 73 2 3
10000010000100000000000000000001 3 2 5 2 7 2 3 2 11
11100010000100000000000000000001 3 2 3 2 7 2 3 2 3
10110010000100000000000000000001 3 2 3 2 7 2 3 2 3
11001010000100000000000000000001 3 2 3 2 7 2 3 2 3
10101010000100000000000000000001 7 2 3 2 17 2 17 2 3
10011010000100000000000000000001 3 2 3 2 7 2 3 2 3
11111010000100000000000000000001 3 2 5 2 7 2 3 2 11
11000110000100000000000000000001 5 2 3 2 13 2 5 2 3
10100110000100000000000000000001 3 2 3 2 7 2 3 2 3
10001110000100000000000000000001 3 2 3 2 7 2 3 2 3
11101110000100000000000000000001 3 2 5 2 7 2 3 2 11
10111110000100000000000000000001 3 2 5 2 7 2 3 2 11
11111110000100000000000000000001 7 13 3 31 43 3 61 7 3
11100001000100000000000000000001 29 2 3 2 13 2 11 2 3
10110001000100000000000000000001 7 2 3 2 41 2 61 2 3
10101001000100000000000000000001 3 2 3 2 7 2 3 2 3
10011001000100000000000000000001 5 2 3 2 61 2 17 2 3
10010101000100000000000000000001 7 2 3 2 43 2 5 2 3
10100011000100000000000000000001 3 2 3 2 7 2 3 2 3
10010011000100000000000000000001 11 2 3 2 79 2 31 2 3
10001011000100000000000000000001 3 2 3 2 7 2 3 2 3
11101011000100000000000000000001 3 2 5 2 7 2 3 2 11
10111011000100000000000000000001 3 2 5 2 7 2 3 2 11
10000111000100000000000000000001 7 2 3 2 43 2 73 2 3
11110111000100000000000000000001 3 5 3 3 43 3 3 7 3
10101111000100000000000000000001 3 2 5 2 7 2 3 2 11
10111111000100000000000000000001 7 13 3 31 43 3 73 7 3
11111111000100000000000000000001 17 2 19 2 5 2 17 2 7
10000000100100000000000000000001 3 2 5 2 7 2 3 2 11
11100000100100000000000000000001 3 2 3 2 7 2 3 2 3
11010000100100000000000000000001 7 2 3 2 23 2 11 2 3
10110000100100000000000000000001 3 2 3 2 7 2 3 2 3
11001000100100000000000000000001 3 2 3 2 7 2 3 2 3
10011000100100000000000000000001 3 2 3 2 7 2 3 2 3
11111000100100000000000000000001 3 2 5 2 7 2 3 2 11
10100100100100000000000000000001 3 2 3 2 7 2 3 2 3
10001100100100000000000000000001 3 2 3 2 7 2 3 2 3
11101100100100000000000000000001 3 2 5 2 7 2 3 2 11
10111100100100000000000000000001 3 2 5 2 7 2 3 2 7
11000010100100000000000000000001 3 2 3 2 7 2 3 2 3
10010010100100000000000000000001 3 2 3 2 7 2 3 2 3
11110010100100000000000000000001 3 2 5 2 7 2 3 2 11
10001010100100000000000000000001 7 2 3 2 11 2 29 2 3
11011010100100000000000000000001 3 2 5 2 7 2 3 2 11
11111010100100000000000000000001 5 13 3 29 43 3 73 7 3
10000110100100000000000000000001 3 2 3 2 7 2 3 2 3
11100110100100000000000000000001 3 2 5 2 7 2 3 2 11
10110110100100000000000000000001 3 2 5 2 7 2 3 2 11
11001110100100000000000000000001 3 2 5 2 7 2 3 2 11
10011110100100000000000000000001 3 2 5 2 7 2 3 2 11
11011110100100000000000000000001 7 5 3 31 43 3 5 7 3
11111110100100000000000000000001 3 2 5 2 5 2 3 2 11
10100001100100000000000000000001 3 2 3 2 7 2 3 2 3
10010001100100000000000000000001 5 2 3 2 17 2 73 2 3
10001001100100000000000000000001 3 2 3 2 7 2 3 2 3
11101001100100000000000000000001 3 2 5 2 7 2 3 2 11
11011001100100000000000000000001 13 2 11 2 13 2 37 2 23
10111001100100000000000000000001 3 2 5 2 7 2 3 2 11
10101101100100000000000000000001 3 2 5 2 7 2 3 2 11
10000011100100000000000000000001 3 2 3 2 7 2 3 2 3
11100011100100000000000000000001 3 2 5 2 7 2 3 2 7
10110011100100000000000000000001 3 2 5 2 7 2 3 2 11
11110011100100000000000000000001 7 13 3 31 13 3 17 7 3
11001011100100000000000000000001 3 2 5 2 7 2 3 2 11
10011011100100000000000000000001 3 2 5 2 7 2 3 2 11
10111011100100000000000000000001 7 11 3 31 43 3 11 7 3
11111011100100000000000000000001 3 2 5 2 5 2 3 2 11
10100111100100000000000000000001 3 2 5 2 7 2 3 2 11
11010111100100000000000000000001 3 13 3 3 11 3 3 7 3
10001111100100000000000000000001 3 2 5 2 7 2 3 2 11
11101111100100000000000000000001 3 2 5 2 5 2 3 2 11
10011111100100000000000000000001 7 13 3 11 29 3 13 7 3
10111111100100000000000000000001 3 2 5 2 5 2 3 2 11
11100000010100000000000000000001 5 2 3 2 37 2 5 2 3
10010000010100000000000000000001 3 7 13 3 5 5 3 73 7
10101000010100000000000000000001 3 2 3 2 7 2 3 2 3
11011000010100000000000000000001 3 5 13 3 31 43 3 73 7
11000100010100000000000000000001 7 2 3 2 43 2 73 2 3
10100100010100000000000000000001 5 2 3 2 37 2 5 2 3
10110100010100000000000000000001 3 7 13 3 11 43 3 73 7
10001100010100000000000000000001 7 2 3 2 43 2 17 2 3
11111100010100000000000000000001 3 7 3 3 17 3 3 7 3
11000010010100000000000000000001 5 2 3 2 11 2 5 2 3
10100010010100000000000000000001 3 2 3 2 7 2 3 2 3
10001010010100000000000000000001 3 2 3 2 7 2 3 2 3
11101010010100000000000000000001 3 2 5 2 7 2 3 2 11
10111010010100000000000000000001 3 2 5 2 7 2 3 2 7
10000110010100000000000000000001 5 2 3 2 37 2 5 2 3
11010110010100000000000000000001 5 2 17 2 13 2 5 2 61
10101110010100000000000000000001 3 2 5 2 7 2 3 2 11
11101110010100000000000000000001 7 13 3 23 19 3 73 7 3
10100001010100000000000000000001 7 2 3 2 11 2 73 2 3
10011001010100000000000000000001 3 7 13 3 31 43 3 43 7
10000101010100000000000000000001 7 2 3 2 13 2 73 2 3
11110101010100000000000000000001 7 13 3 31 29 3 23 5 3
10111101010100000000000000000001 3 7 3 3 31 3 3 7 3
10101011010100000000000000000001 3 2 5 2 7 2 3 2 11
10011011010100000000000000000001 11 2 7 2 13 2 5 2 23
11100111010100000000000000000001 3 13 3 3 43 3 3 7 3
10101111010100000000000000000001 7 13 3 31 23 3 31 7 3
11101111010100000000000000000001 5 2 17 2 5 2 5 2 7
11000000110100000000000000000001 7 2 3 2 19 2 73 2 3
10100000110100000000000000000001 3 2 3 2 7 2 3 2 3
10001000110100000000000000000001 3 2 3 2 7 2 3 2 3
11101000110100000000000000000001 3 2 5 2 7 2 3 2 11
10111000110100000000000000000001 3 2 5 2 7 2 3 2 11
11111000110100000000000000000001 7 5 3 31 11 3 5 7 3
10010100110100000000000000000001 3 5 11 3 31 37 3 73 7
10101100110100000000000000000001 3 2 5 2 7 2 3 2 7
11011100110100000000000000000001 3 7 3 3 13 3 3 7 3
10000010110100000000000000000001 3 2 3 2 7 2 3 2 3
11100010110100000000000000000001 3 2 5 2 7 2 3 2 11
10110010110100000000000000000001 3 2 5 2 7 2 3 2 11
11001010110100000000000000000001 3 2 5 2 7 2 3 2 11
11101010110100000000000000000001 7 13 3 31 43 3 73 7 3
10011010110100000000000000000001 3 2 5 2 7 2 3 2 7
11111010110100000000000000000001 3 2 5 2 5 2 3 2 11
10100110110100000000000000000001 3 2 5 2 7 2 3 2 11
10001110110100000000000000000001 3 2 5 2 7 2 3 2 11
11001110110100000000000000000001 5 11 3 31 43 3 73 7 3