Case #1:
1000000000000001 3 2 5 2 7 2 3 2 7
1110000000000001 3 2 5 2 7 2 3 2 11
1011000000000001 3 2 5 2 7 2 3 2 11
1100100000000001 3 2 5 2 7 2 3 2 7
1001100000000001 3 2 5 2 7 2 3 2 11
1111100000000001 3 2 3 2 7 2 3 2 3
1010010000000001 3 2 5 2 7 2 3 2 7
1101010000000001 3 7 11 3 5 23 3 73 7
1111010000000001 5 2 3 2 17 2 5 2 3
1000110000000001 3 2 5 2 7 2 3 2 11
1110110000000001 3 2 3 2 7 2 3 2 3
1101110000000001 17 2 3 2 29 2 11 2 3
1011110000000001 3 2 3 2 7 2 3 2 3
1100001000000001 3 2 5 2 7 2 3 2 11
1001001000000001 3 2 5 2 7 2 3 2 7
1111001000000001 3 2 3 2 7 2 3 2 3
1010101000000001 3 7 13 3 5 43 3 73 7
1110101000000001 5 2 3 2 37 2 5 2 3
1101101000000001 3 2 3 2 7 2 3 2 3
1000011000000001 3 2 5 2 7 2 3 2 11
1110011000000001 3 2 3 2 7 2 3 2 3
1101011000000001 5 2 3 2 37 2 5 2 3
1011011000000001 3 2 3 2 7 2 3 2 3
1100111000000001 3 2 3 2 7 2 3 2 3
1010111000000001 5 2 3 2 37 2 5 2 3
1001111000000001 3 2 3 2 7 2 3 2 3
1111111000000001 3 2 5 2 7 2 3 2 7
1010000100000001 3 2 5 2 7 2 3 2 11
1000100100000001 3 2 5 2 7 2 3 2 7
1110100100000001 3 2 3 2 7 2 3 2 3
1011100100000001 3 2 3 2 7 2 3 2 3
1110010100000001 5 2 3 2 37 2 5 2 3
1001010100000001 3 7 13 3 5 5 3 73 7
1100110100000001 11 2 3 2 59 2 31 2 3
1010110100000001 3 2 3 2 7 2 3 2 3
1101110100000001 3 5 13 3 31 13 3 73 7
1000001100000001 3 2 5 2 7 2 3 2 11
1110001100000001 3 2 3 2 7 2 3 2 3
1011001100000001 3 2 3 2 7 2 3 2 3
1100101100000001 3 2 3 2 7 2 3 2 3
1001101100000001 3 2 3 2 7 2 3 2 3
1111101100000001 3 2 5 2 7 2 3 2 11
1100011100000001 5 2 3 2 37 2 5 2 3
1010011100000001 3 2 3 2 7 2 3 2 3
1000111100000001 3 2 3 2 7 2 3 2 3
1110111100000001 3 2 5 2 7 2 3 2 11
1011111100000001 3 2 5 2 7 2 3 2 7
1100000010000001 3 2 5 2 7 2 3 2 11
1001000010000001 3 2 5 2 7 2 3 2 11
1111000010000001 3 2 3 2 7 2 3 2 3
