Case #1: 15 25
Case #2: 0 0
Case #3: 81 567
Case #4: 181 244
Case #5: 0 0
Case #6: 500 500
Case #7: 100 900
Case #8: 35 64
Case #9: 161 212
Case #10: 138 275
Case #11: 99 263
Case #12: 102 374
Case #13: 169 270
Case #14: 71 291
Case #15: 144 412
Case #16: 110 361
Case #17: 109 493
Case #18: 159 357
Case #19: 167 337
Case #20: 134 385
Case #21: 166 520
Case #22: 195 434
Case #23: 122 443
Case #24: 123 511
Case #25: 121 370
Case #26: 180 393
Case #27: 107 268
Case #28: 221 529
Case #29: 193 331
Case #30: 187 349
Case #31: 98 286
Case #32: 186 422
Case #33: 95 406
Case #34: 158 463
Case #35: 192 441
Case #36: 127 278
Case #37: 183 442
Case #38: 149 412
Case #39: 128 363
Case #40: 136 351
Case #41: 132 335
Case #42: 141 339
Case #43: 190 408
Case #44: 157 306
Case #45: 119 448
Case #46: 131 406
Case #47: 191 486
Case #48: 138 313
Case #49: 145 381
Case #50: 186 484
Case #51: 92 598
Case #52: 119 517
Case #53: 153 457
Case #54: 205 477
Case #55: 203 328
Case #56: 138 382
Case #57: 115 413
Case #58: 83 378
Case #59: 177 356
Case #60: 198 474
Case #61: 75 287
Case #62: 182 308
Case #63: 138 379
Case #64: 114 295
Case #65: 160 328
Case #66: 175 493
Case #67: 160 347
Case #68: 79 364
Case #69: 271 386
Case #70: 117 322
Case #71: 145 447
Case #72: 205 427
Case #73: 191 381
Case #74: 125 254
Case #75: 177 402
Case #76: 155 231
Case #77: 173 446
Case #78: 194 448
Case #79: 210 452
Case #80: 133 294
Case #81: 187 364
Case #82: 129 536
Case #83: 190 388
Case #84: 103 488
Case #85: 112 313
Case #86: 196 506
Case #87: 141 480
Case #88: 145 306
Case #89: 182 321
Case #90: 172 251
Case #91: 173 436
Case #92: 230 522
Case #93: 102 325
Case #94: 156 580
Case #95: 231 444
Case #96: 169 407
Case #97: 122 341
Case #98: 44 138
Case #99: 133 357
Case #100: 248 469
